09:38:59 - ERR - post - ("Error al validar el request -> {'per_genre_id': ['Not a valid integer.'], 'per_marital_status_id': ['Not a valid integer.']}",)
09:40:25 - ERR - post - ("Error al validar el request -> {'per_genre_id': ['Not a valid integer.'], 'per_marital_status_id': ['Not a valid integer.']}",)
09:56:52 - ERR - ExecuteNonQuery - (UniqueViolation('llave duplicada viola restricción de unicidad «admin_person_per_identification_key»\nDETAIL:  Ya existe la llave (per_identification)=(0987654321).\n'),)
09:56:52 - ERR - create - ("Error al crear'NoneType' object is not subscriptable",)
10:04:30 - ERR - ExecuteNonQuery - (UniqueViolation('llave duplicada viola restricción de unicidad «admin_person_per_identification_key»\nDETAIL:  Ya existe la llave (per_identification)=(0987654321).\n'),)
10:04:30 - ERR - create - ("Error al crear'NoneType' object is not subscriptable",)
10:05:08 - ERR - ExecuteNonQuery - (UniqueViolation('llave duplicada viola restricción de unicidad «admin_person_per_identification_key»\nDETAIL:  Ya existe la llave (per_identification)=(0987654321).\n'),)
10:05:08 - ERR - create - ("Error al crear'NoneType' object is not subscriptable",)
10:10:42 - ERR - ExecuteNonQuery - (UniqueViolation('llave duplicada viola restricción de unicidad «admin_person_per_identification_key»\nDETAIL:  Ya existe la llave (per_identification)=(0987654321).\n'),)
10:10:42 - ERR - create - ("Error al crear'NoneType' object is not subscriptable",)
10:32:37 - ERR - ExecuteNonQuery - (UniqueViolation('llave duplicada viola restricción de unicidad «admin_person_per_identification_key»\nDETAIL:  Ya existe la llave (per_identification)=(0987654321).\n'),)
10:32:37 - ERR - create - ("Error al crear'NoneType' object is not subscriptable",)
10:41:10 - ERR - post - ("Error al validar el request -> {'per_genre_id': ['Not a valid integer.'], 'per_marital_status_id': ['Not a valid integer.'], 'id_rol': ['Not a valid integer.']}",)
10:47:17 - ERR - ExecuteNonQuery - (UniqueViolation('llave duplicada viola restricción de unicidad «admin_person_per_identification_key»\nDETAIL:  Ya existe la llave (per_identification)=(0987654321).\n'),)
10:47:17 - ERR - create - ("Error al crear'NoneType' object is not subscriptable",)
10:49:10 - ERR - ExecuteNonQuery - (UniqueViolation('llave duplicada viola restricción de unicidad «admin_person_per_identification_key»\nDETAIL:  Ya existe la llave (per_identification)=(0987654321).\n'),)
10:49:10 - ERR - create - ("Error al crear'NoneType' object is not subscriptable",)
10:53:40 - ERR - ExecuteNonQuery - (UniqueViolation('llave duplicada viola restricción de unicidad «admin_person_per_identification_key»\nDETAIL:  Ya existe la llave (per_identification)=(0987654321).\n'),)
10:53:40 - ERR - create - ("Error al crear'NoneType' object is not subscriptable",)
10:56:57 - ERR - ExecuteNonQuery - (UniqueViolation('llave duplicada viola restricción de unicidad «admin_person_per_identification_key»\nDETAIL:  Ya existe la llave (per_identification)=(0987654321).\n'),)
10:56:57 - ERR - create - ("Error al crear'NoneType' object is not subscriptable",)
11:03:54 - ERR - ExecuteNonQuery - (UniqueViolation('llave duplicada viola restricción de unicidad «segu_user_user_mail_key»\nDETAIL:  Ya existe la llave (user_mail)=(mariagomez@gmail.com).\n'),)
11:03:54 - ERR - create - ("Error al crearcannot access local variable 'userId' where it is not associated with a value",)
11:05:24 - ERR - ExecuteNonQuery - (UniqueViolation('llave duplicada viola restricción de unicidad «admin_person_per_identification_key»\nDETAIL:  Ya existe la llave (per_identification)=(1208148682).\n'),)
11:05:24 - ERR - create - ("Error al crear'NoneType' object is not subscriptable",)
11:06:56 - ERR - ExecuteNonQuery - (UniqueViolation('llave duplicada viola restricción de unicidad «admin_person_per_identification_key»\nDETAIL:  Ya existe la llave (per_identification)=(1208148682).\n'),)
11:06:56 - ERR - create - ("Error al crear'NoneType' object is not subscriptable",)
11:12:48 - ERR - ExecuteNonQuery - (UniqueViolation('llave duplicada viola restricción de unicidad «admin_person_per_identification_key»\nDETAIL:  Ya existe la llave (per_identification)=(1208148682).\n'),)
11:12:48 - ERR - create - ("Error al crear'NoneType' object is not subscriptable",)
13:03:31 - ERR - put - ("Error al validar el request -> {'per_id': ['Missing data for required field.'], 'user_person_id': ['Unknown field.']}",)
13:04:25 - ERR - put - ("Error al validar el request -> {'per_id': ['Missing data for required field.'], 'user_person_id': ['Unknown field.']}",)
13:15:54 - ERR - put - ("Error al validar el request -> {'per_id': ['Missing data for required field.'], 'user_person_id': ['Unknown field.']}",)
14:44:35 - ERR - put - ("Error al validar el request -> {'id_user_rol': ['Missing data for required field.'], 'state': ['Missing data for required field.'], 'data': ['Unknown field.']}",)
17:18:22 - ERR - put - (KeyError('user_id'),)
17:25:58 - ERR - put - (KeyError('user_id'),)
17:30:02 - ERR - put - ("Error al validar el request -> {'is_admin_rol': ['Missing data for required field.'], 'rol_description': ['Missing data for required field.'], 'rol_name': ['Missing data for required field.'], 'rol_id': ['Missing data for required field.'], 'id_user_rol': ['Unknown field.'], 'id_rol': ['Unknown field.']}",)
17:47:37 - ERR - put - (KeyError('user_id'),)
17:50:22 - ERR - put - ("Error al validar el request -> {'id_user_rol': ['Missing data for required field.'], 'user_id': ['Unknown field.']}",)
17:55:27 - ERR - put - (KeyError('user_id'),)
18:01:14 - ERR - put - (KeyError('user_id'),)
18:35:31 - ERR - put - ("Error al validar el request -> {'pat_blood_type': ['Not a valid integer.'], 'pat_person_id': ['Unknown field.'], 'per_surnames': ['Unknown field.'], 'pat_state': ['Unknown field.'], 'per_names': ['Unknown field.'], 'per_identification': ['Unknown field.']}",)
18:39:50 - ERR - put - ("Error al validar el request -> {'pat_blood_type': ['Not a valid integer.'], 'pat_person_id': ['Unknown field.'], 'per_surnames': ['Unknown field.'], 'pat_state': ['Unknown field.'], 'per_names': ['Unknown field.'], 'per_identification': ['Unknown field.']}",)
18:42:01 - ERR - put - ("Error al validar el request -> {'pat_blood_type': ['Not a valid integer.'], 'pat_person_id': ['Unknown field.'], 'per_surnames': ['Unknown field.'], 'pat_state': ['Unknown field.'], 'per_names': ['Unknown field.'], 'per_identification': ['Unknown field.']}",)
18:44:11 - ERR - put - ("Error al validar el request -> {'pat_blood_type': ['Not a valid integer.']}",)
23:59:39 - ERR - Token_Validate - ('Expired Signature',)
