09:22:14 - ERR - post - ("Error al validar el request -> {'per_identification': ['Unknown field.']}",)
09:23:12 - ERR - post - (TypeError('PersonComponent.create() takes 1 positional argument but 11 were given'),)
09:27:16 - ERR - post - (TypeError('PersonComponent.create() takes 1 positional argument but 11 were given'),)
09:27:54 - ERR - post - (TypeError('PersonComponent.create() takes 1 positional argument but 11 were given'),)
09:31:02 - ERR - post - (TypeError('PersonComponent.create() takes 1 positional argument but 11 were given'),)
09:33:17 - ERR - post - (TypeError('PersonComponent.create() takes 1 positional argument but 11 were given'),)
09:33:49 - ERR - post - (TypeError('PersonComponent.create() takes 1 positional argument but 11 were given'),)
09:35:47 - ERR - post - (TypeError('PersonComponent.create() takes 1 positional argument but 11 were given'),)
09:38:58 - ERR - post - (TypeError('PersonComponent.create() takes 1 positional argument but 11 were given'),)
09:40:20 - ERR - post - (TypeError('PersonCreateComponent.create() takes 1 positional argument but 11 were given'),)
09:42:29 - ERR - post - (TypeError('PersonCreateComponent.create() takes 1 positional argument but 11 were given'),)
09:44:00 - ERR - post - (TypeError('PersonCreateComponent.create() takes 1 positional argument but 11 were given'),)
09:45:59 - ERR - post - (TypeError('PersonCreateComponent.create() takes 1 positional argument but 11 were given'),)
09:46:41 - ERR - post - (TypeError('PersonCreateComponent.create() takes 1 positional argument but 11 were given'),)
09:47:48 - ERR - post - (TypeError('PersonCreateComponent.createPer() takes 1 positional argument but 11 were given'),)
09:50:52 - ERR - post - (TypeError('PersonCreateComponent.createPer() takes 1 positional argument but 11 were given'),)
09:53:59 - ERR - createPer - ("Error al crear'set' object is not subscriptable",)
09:55:19 - ERR - createPer - ("Error al crear'set' object is not subscriptable",)
09:57:44 - ERR - ExecuteNonQuery - (ValueError("unsupported format character 'i' (0x69) at index 400"),)
09:57:44 - ERR - createPer - ('error al ejecutar sql para crear',)
10:00:10 - ERR - ExecuteNonQuery - (UniqueViolation('llave duplicada viola restricción de unicidad «admin_person_pkey»\nDETAIL:  Ya existe la llave (per_id)=(1).\n'),)
10:00:10 - ERR - createPer - ('error al ejecutar sql para crear',)
10:03:06 - ERR - ExecuteNonQuery - (UniqueViolation('llave duplicada viola restricción de unicidad «admin_person_pkey»\nDETAIL:  Ya existe la llave (per_id)=(2).\n'),)
10:03:06 - ERR - createPer - ('error al ejecutar sql para crear',)
10:06:10 - ERR - ExecuteNonQuery - (UniqueViolation('llave duplicada viola restricción de unicidad «admin_person_pkey»\nDETAIL:  Ya existe la llave (per_id)=(3).\n'),)
10:06:10 - ERR - createPer - ('error al ejecutar sql para crear',)
10:07:45 - ERR - ExecuteNonQuery - (UniqueViolation('llave duplicada viola restricción de unicidad «admin_person_pkey»\nDETAIL:  Ya existe la llave (per_id)=(4).\n'),)
10:07:45 - ERR - createPer - ('error al ejecutar sql para crear',)
11:21:43 - ERR - ExecuteNonQuery - (UniqueViolation('llave duplicada viola restricción de unicidad «admin_person_pkey»\nDETAIL:  Ya existe la llave (per_id)=(12).\n'),)
11:21:43 - ERR - createPer - ('error al ejecutar sql para crear',)
11:22:15 - ERR - createPer - ('error al ejecutar sql para crear',)
13:14:14 - ERR - put - ("Error al validar el request -> {'per_status': ['Missing data for required field.'], 'per_state': ['Unknown field.']}",)
13:15:08 - ERR - put - ("Error al validar el request -> {'per_status': ['Missing data for required field.'], 'per_state': ['Unknown field.']}",)
14:30:25 - ERR - ExecuteNonQuery - (SyntaxError('error de sintaxis en o cerca de «)»\nLINE 6:                 )\n                        ^\n'),)
14:32:10 - ERR - ExecuteNonQuery - (UndefinedColumn('no existe la columna «ceragen» en la relación «segu_rol»\nLINE 2:                 INSERT INTO ceragen.segu_rol (ceragen.rol_na...\n                                                      ^\n'),)
