09:23:14 - INF - <module> - ('Servicio Iniciado',)
09:23:16 - INF - <module> - ('Servicio Iniciado',)
09:24:04 - INF - get - ('Ejecutando servicio de Listar',)
09:52:00 - INF - <module> - ('Servicio Finalizado',)
09:52:00 - INF - <module> - ('Servicio Finalizado',)
09:54:46 - INF - <module> - ('Servicio Iniciado',)
09:54:48 - INF - <module> - ('Servicio Iniciado',)
09:55:29 - INF - <module> - ('Servicio Finalizado',)
09:55:29 - INF - <module> - ('Servicio Iniciado',)
09:55:32 - INF - put - ('Ejecutando servicio de Crear',)
09:56:45 - INF - <module> - ('Servicio Finalizado',)
09:56:46 - INF - <module> - ('Servicio Iniciado',)
09:57:40 - INF - put - ('Ejecutando servicio de Crear',)
09:58:09 - INF - <module> - ('Servicio Finalizado',)
09:58:10 - INF - <module> - ('Servicio Iniciado',)
09:58:11 - INF - put - ('Ejecutando servicio de Crear',)
09:58:48 - INF - put - ('Ejecutando servicio de Crear',)
10:18:29 - INF - <module> - ('Servicio Finalizado',)
10:18:29 - INF - <module> - ('Servicio Iniciado',)
10:18:31 - INF - <module> - ('Servicio Finalizado',)
10:18:31 - INF - <module> - ('Servicio Finalizado',)
13:30:40 - INF - <module> - ('Servicio Iniciado',)
13:30:42 - INF - <module> - ('Servicio Iniciado',)
13:31:48 - INF - <module> - ('Servicio Finalizado',)
13:31:48 - INF - <module> - ('Servicio Iniciado',)
13:31:57 - INF - get - ('Ejecutando servicio de Listar',)
13:32:46 - INF - put - ('Ejecutando servicio de Eliminar Lógicamente',)
13:33:08 - INF - put - ('Ejecutando servicio de Eliminar Lógicamente',)
13:33:19 - INF - put - ('Ejecutando servicio de Eliminar Lógicamente',)
13:33:29 - INF - get - ('Ejecutando servicio de Listar',)
13:34:58 - INF - get - ('Ejecutando servicio de Listar',)
13:35:49 - INF - get - ('Ejecutando servicio de Listar',)
13:36:32 - INF - get - ('Ejecutando servicio de Listar',)
13:43:20 - INF - post - ('Ejecutando servicio de Crear',)
13:43:36 - INF - get - ('Ejecutando servicio de Listar',)
13:50:48 - INF - <module> - ('Servicio Finalizado',)
13:50:49 - INF - <module> - ('Servicio Iniciado',)
13:50:51 - INF - <module> - ('Servicio Finalizado',)
13:50:51 - INF - <module> - ('Servicio Finalizado',)
14:16:08 - INF - <module> - ('Servicio Iniciado',)
14:16:10 - INF - <module> - ('Servicio Iniciado',)
14:17:17 - INF - post - ('Ejecutando servicio de Crear',)
14:17:26 - INF - get - ('Ejecutando servicio de Listar',)
14:20:24 - INF - <module> - ('Servicio Finalizado',)
14:20:24 - INF - <module> - ('Servicio Finalizado',)
14:46:55 - INF - <module> - ('Servicio Iniciado',)
14:46:56 - INF - <module> - ('Servicio Iniciado',)
14:47:00 - INF - get - ('Ejecutando servicio de Listar',)
14:47:13 - INF - get - ('Ejecutando servicio de Listar',)
14:48:25 - INF - post - ('Ejecutando servicio de Crear',)
14:48:30 - INF - get - ('Ejecutando servicio de Listar',)
14:55:30 - INF - <module> - ('Servicio Finalizado',)
14:55:31 - INF - <module> - ('Servicio Iniciado',)
14:55:57 - INF - <module> - ('Servicio Finalizado',)
14:55:58 - INF - <module> - ('Servicio Iniciado',)
14:56:31 - INF - get - ('Ejecutando servicio de Listar',)
14:56:35 - INF - get - ('Ejecutando servicio de Listar',)
14:57:17 - INF - get - ('Ejecutando servicio de Listar',)
14:57:24 - INF - post - ('Ejecutando servicio de Crear',)
14:59:03 - INF - <module> - ('Servicio Finalizado',)
14:59:03 - INF - <module> - ('Servicio Iniciado',)
14:59:10 - INF - post - ('Ejecutando servicio de Crear',)
14:59:13 - INF - get - ('Ejecutando servicio de Listar',)
14:59:28 - INF - post - ('Ejecutando servicio de Crear',)
14:59:31 - INF - get - ('Ejecutando servicio de Listar',)
15:02:41 - INF - <module> - ('Servicio Finalizado',)
15:02:41 - INF - <module> - ('Servicio Iniciado',)
15:03:53 - INF - <module> - ('Servicio Finalizado',)
15:03:53 - INF - <module> - ('Servicio Iniciado',)
15:05:00 - INF - <module> - ('Servicio Finalizado',)
15:05:01 - INF - <module> - ('Servicio Iniciado',)
15:05:47 - INF - <module> - ('Servicio Finalizado',)
15:05:48 - INF - <module> - ('Servicio Iniciado',)
15:06:18 - INF - put - ('Ejecutando servicio de Eliminar Lógicamente',)
15:06:24 - INF - get - ('Ejecutando servicio de Listar',)
15:07:06 - INF - get - ('Ejecutando servicio de Listar',)
