08:48:36 - INF - <module> - ('Servicio Iniciado',)
08:48:37 - INF - <module> - ('Servicio Iniciado',)
08:48:48 - INF - get - ('Ejecutando servicio de Listar Usuario',)
08:48:53 - INF - get - ('Ejecutando servicio de Listar Usuario',)
08:55:38 - INF - <module> - ('Servicio Finalizado',)
08:55:38 - INF - <module> - ('Servicio Finalizado',)
08:59:32 - INF - <module> - ('Servicio Iniciado',)
08:59:33 - INF - <module> - ('Servicio Iniciado',)
09:07:36 - INF - <module> - ('Servicio Finalizado',)
09:07:37 - INF - <module> - ('Servicio Finalizado',)
09:08:21 - INF - <module> - ('Servicio Iniciado',)
09:08:23 - INF - <module> - ('Servicio Iniciado',)
09:15:37 - INF - <module> - ('Servicio Finalizado',)
09:15:38 - INF - <module> - ('Servicio Finalizado',)
09:17:34 - INF - <module> - ('Servicio Iniciado',)
09:17:36 - INF - <module> - ('Servicio Iniciado',)
09:20:56 - INF - get - ('Ejecutando servicio de Listar Usuario',)
09:22:14 - INF - post - ('Ejecutando servicio de Login',)
09:23:09 - INF - <module> - ('Servicio Finalizado',)
09:23:09 - INF - <module> - ('Servicio Iniciado',)
09:23:12 - INF - post - ('Ejecutando servicio de Login',)
09:27:13 - INF - <module> - ('Servicio Finalizado',)
09:27:13 - INF - <module> - ('Servicio Iniciado',)
09:27:16 - INF - post - ('Ejecutando servicio de Login',)
09:27:45 - INF - <module> - ('Servicio Finalizado',)
09:27:46 - INF - <module> - ('Servicio Iniciado',)
09:27:54 - INF - post - ('Ejecutando servicio de Login',)
09:28:22 - INF - <module> - ('Servicio Finalizado',)
09:28:23 - INF - <module> - ('Servicio Iniciado',)
09:31:00 - INF - <module> - ('Servicio Finalizado',)
09:31:00 - INF - <module> - ('Servicio Iniciado',)
09:31:02 - INF - post - ('Ejecutando servicio de Crear persona',)
09:33:14 - INF - <module> - ('Servicio Finalizado',)
09:33:15 - INF - <module> - ('Servicio Iniciado',)
09:33:17 - INF - post - ('Ejecutando servicio de Crear persona',)
09:33:47 - INF - <module> - ('Servicio Finalizado',)
09:33:47 - INF - <module> - ('Servicio Iniciado',)
09:33:49 - INF - post - ('Ejecutando servicio de Crear persona',)
09:35:45 - INF - <module> - ('Servicio Finalizado',)
09:35:45 - INF - <module> - ('Servicio Iniciado',)
09:35:47 - INF - post - ('Ejecutando servicio de Crear persona',)
09:38:58 - INF - post - ('Ejecutando servicio de Crear persona',)
09:39:54 - INF - <module> - ('Servicio Finalizado',)
09:39:55 - INF - <module> - ('Servicio Iniciado',)
09:40:09 - INF - <module> - ('Servicio Finalizado',)
09:40:10 - INF - <module> - ('Servicio Iniciado',)
09:40:13 - INF - get - ('Ejecutando servicio de Listar Usuario',)
09:40:20 - INF - post - ('Ejecutando servicio de Crear persona',)
09:41:00 - INF - <module> - ('Servicio Finalizado',)
09:41:00 - INF - <module> - ('Servicio Iniciado',)
09:42:26 - INF - <module> - ('Servicio Finalizado',)
09:42:27 - INF - <module> - ('Servicio Iniciado',)
09:42:29 - INF - post - ('Ejecutando servicio de Crear persona',)
09:44:00 - INF - post - ('Ejecutando servicio de Crear persona',)
09:45:57 - INF - <module> - ('Servicio Finalizado',)
09:45:57 - INF - <module> - ('Servicio Iniciado',)
09:45:59 - INF - post - ('Ejecutando servicio de Crear persona',)
09:46:29 - INF - <module> - ('Servicio Finalizado',)
09:46:29 - INF - <module> - ('Servicio Iniciado',)
09:46:37 - INF - <module> - ('Servicio Finalizado',)
09:46:37 - INF - <module> - ('Servicio Iniciado',)
09:46:41 - INF - post - ('Ejecutando servicio de Crear persona',)
09:47:23 - INF - <module> - ('Servicio Finalizado',)
09:47:24 - INF - <module> - ('Servicio Iniciado',)
09:47:33 - INF - <module> - ('Servicio Finalizado',)
09:47:33 - INF - <module> - ('Servicio Iniciado',)
09:47:48 - INF - post - ('Ejecutando servicio de Crear persona',)
09:48:38 - INF - <module> - ('Servicio Finalizado',)
09:48:38 - INF - <module> - ('Servicio Iniciado',)
09:50:36 - INF - <module> - ('Servicio Finalizado',)
09:50:37 - INF - <module> - ('Servicio Iniciado',)
09:50:38 - INF - <module> - ('Servicio Finalizado',)
09:50:38 - INF - <module> - ('Servicio Iniciado',)
09:50:39 - INF - <module> - ('Servicio Finalizado',)
09:50:40 - INF - <module> - ('Servicio Iniciado',)
09:50:41 - INF - <module> - ('Servicio Finalizado',)
09:50:41 - INF - <module> - ('Servicio Iniciado',)
09:50:46 - INF - <module> - ('Servicio Finalizado',)
09:50:47 - INF - <module> - ('Servicio Iniciado',)
09:50:52 - INF - post - ('Ejecutando servicio de Crear persona',)
09:51:05 - INF - <module> - ('Servicio Finalizado',)
09:51:05 - INF - <module> - ('Servicio Finalizado',)
09:53:53 - INF - <module> - ('Servicio Iniciado',)
09:53:54 - INF - <module> - ('Servicio Iniciado',)
09:53:59 - INF - post - ('Ejecutando servicio de Crear persona',)
09:55:16 - INF - <module> - ('Servicio Finalizado',)
09:55:17 - INF - <module> - ('Servicio Iniciado',)
09:55:19 - INF - post - ('Ejecutando servicio de Crear persona',)
09:57:41 - INF - <module> - ('Servicio Finalizado',)
09:57:42 - INF - <module> - ('Servicio Iniciado',)
09:57:44 - INF - post - ('Ejecutando servicio de Crear persona',)
10:00:07 - INF - <module> - ('Servicio Finalizado',)
10:00:07 - INF - <module> - ('Servicio Iniciado',)
10:00:10 - INF - post - ('Ejecutando servicio de Crear persona',)
10:03:06 - INF - post - ('Ejecutando servicio de Crear persona',)
10:06:07 - INF - <module> - ('Servicio Finalizado',)
10:06:07 - INF - <module> - ('Servicio Iniciado',)
10:06:10 - INF - post - ('Ejecutando servicio de Crear persona',)
10:07:40 - INF - <module> - ('Servicio Finalizado',)
10:07:41 - INF - <module> - ('Servicio Iniciado',)
10:07:45 - INF - post - ('Ejecutando servicio de Crear persona',)
11:14:20 - INF - get - ('Ejecutando servicio de Listar Usuario',)
11:14:25 - INF - <module> - ('Servicio Finalizado',)
11:14:25 - INF - <module> - ('Servicio Finalizado',)
11:21:13 - INF - <module> - ('Servicio Iniciado',)
11:21:15 - INF - <module> - ('Servicio Iniciado',)
11:21:31 - INF - get - ('Ejecutando servicio de Listar Usuario',)
11:21:43 - INF - post - ('Ejecutando servicio de Crear persona',)
11:22:15 - INF - post - ('Ejecutando servicio de Crear persona',)
11:38:20 - INF - <module> - ('Servicio Finalizado',)
11:38:21 - INF - <module> - ('Servicio Iniciado',)
11:39:03 - INF - get - ('Ejecutando servicio de Listar Usuario',)
11:40:01 - INF - post - ('Ejecutando servicio de Crear persona',)
12:03:28 - INF - <module> - ('Servicio Finalizado',)
12:03:29 - INF - <module> - ('Servicio Iniciado',)
12:03:48 - INF - <module> - ('Servicio Finalizado',)
12:03:49 - INF - <module> - ('Servicio Iniciado',)
12:04:59 - INF - post - ('Ejecutando servicio de Crear persona',)
12:30:49 - INF - <module> - ('Servicio Finalizado',)
12:30:50 - INF - <module> - ('Servicio Iniciado',)
12:31:16 - INF - <module> - ('Servicio Finalizado',)
12:31:17 - INF - <module> - ('Servicio Iniciado',)
12:32:05 - INF - <module> - ('Servicio Finalizado',)
12:32:05 - INF - <module> - ('Servicio Iniciado',)
12:40:22 - INF - <module> - ('Servicio Finalizado',)
12:40:23 - INF - <module> - ('Servicio Iniciado',)
12:40:44 - INF - <module> - ('Servicio Finalizado',)
12:40:45 - INF - <module> - ('Servicio Iniciado',)
12:40:53 - INF - <module> - ('Servicio Finalizado',)
12:40:54 - INF - <module> - ('Servicio Iniciado',)
12:41:50 - INF - <module> - ('Servicio Finalizado',)
12:41:50 - INF - <module> - ('Servicio Finalizado',)
12:43:48 - INF - <module> - ('Servicio Iniciado',)
12:43:49 - INF - <module> - ('Servicio Iniciado',)
12:43:55 - INF - get - ('Ejecutando servicio de Listar Usuario',)
12:44:35 - INF - <module> - ('Servicio Finalizado',)
12:44:35 - INF - <module> - ('Servicio Iniciado',)
12:44:38 - INF - put - ('Ejecutando servicio de Crear persona',)
13:07:26 - INF - <module> - ('Servicio Finalizado',)
13:07:27 - INF - <module> - ('Servicio Iniciado',)
13:08:16 - INF - <module> - ('Servicio Finalizado',)
13:08:16 - INF - <module> - ('Servicio Iniciado',)
13:09:07 - INF - <module> - ('Servicio Finalizado',)
13:09:07 - INF - <module> - ('Servicio Iniciado',)
13:09:21 - INF - <module> - ('Servicio Finalizado',)
13:09:22 - INF - <module> - ('Servicio Iniciado',)
13:09:51 - INF - <module> - ('Servicio Finalizado',)
13:09:51 - INF - <module> - ('Servicio Iniciado',)
13:10:35 - INF - <module> - ('Servicio Finalizado',)
13:10:36 - INF - <module> - ('Servicio Iniciado',)
13:10:46 - INF - <module> - ('Servicio Finalizado',)
13:10:46 - INF - <module> - ('Servicio Iniciado',)
13:11:55 - INF - <module> - ('Servicio Finalizado',)
13:11:55 - INF - <module> - ('Servicio Iniciado',)
13:12:34 - INF - <module> - ('Servicio Finalizado',)
13:12:35 - INF - <module> - ('Servicio Iniciado',)
13:14:14 - INF - put - ('Ejecutando servicio de Eliminar Lógicamente',)
13:15:03 - INF - <module> - ('Servicio Finalizado',)
13:15:04 - INF - <module> - ('Servicio Iniciado',)
13:15:08 - INF - put - ('Ejecutando servicio de Eliminar Lógicamente',)
13:16:14 - INF - <module> - ('Servicio Finalizado',)
13:16:15 - INF - <module> - ('Servicio Iniciado',)
13:16:26 - INF - <module> - ('Servicio Finalizado',)
13:16:26 - INF - <module> - ('Servicio Iniciado',)
13:16:29 - INF - put - ('Ejecutando servicio de Eliminar Lógicamente',)
13:32:48 - INF - <module> - ('Servicio Finalizado',)
13:32:49 - INF - <module> - ('Servicio Iniciado',)
13:45:43 - INF - <module> - ('Servicio Finalizado',)
13:45:44 - INF - <module> - ('Servicio Iniciado',)
13:47:05 - INF - <module> - ('Servicio Finalizado',)
13:47:05 - INF - <module> - ('Servicio Iniciado',)
13:49:13 - INF - <module> - ('Servicio Finalizado',)
13:49:13 - INF - <module> - ('Servicio Iniciado',)
13:50:07 - INF - <module> - ('Servicio Finalizado',)
13:50:07 - INF - <module> - ('Servicio Iniciado',)
13:53:28 - INF - <module> - ('Servicio Finalizado',)
13:53:28 - INF - <module> - ('Servicio Iniciado',)
13:56:20 - INF - <module> - ('Servicio Finalizado',)
13:56:21 - INF - <module> - ('Servicio Iniciado',)
14:01:59 - INF - <module> - ('Servicio Finalizado',)
14:01:59 - INF - <module> - ('Servicio Iniciado',)
14:07:46 - INF - <module> - ('Servicio Finalizado',)
14:07:47 - INF - <module> - ('Servicio Iniciado',)
14:09:41 - INF - <module> - ('Servicio Finalizado',)
14:09:42 - INF - <module> - ('Servicio Iniciado',)
14:10:12 - INF - <module> - ('Servicio Finalizado',)
14:10:12 - INF - <module> - ('Servicio Iniciado',)
14:10:15 - INF - <module> - ('Servicio Finalizado',)
14:10:16 - INF - <module> - ('Servicio Iniciado',)
14:11:14 - INF - <module> - ('Servicio Finalizado',)
14:11:15 - INF - <module> - ('Servicio Iniciado',)
14:12:53 - INF - <module> - ('Servicio Finalizado',)
14:12:53 - INF - <module> - ('Servicio Iniciado',)
14:12:56 - INF - <module> - ('Servicio Finalizado',)
14:12:56 - INF - <module> - ('Servicio Iniciado',)
14:12:57 - INF - <module> - ('Servicio Finalizado',)
14:12:58 - INF - <module> - ('Servicio Iniciado',)
14:12:59 - INF - <module> - ('Servicio Finalizado',)
14:12:59 - INF - <module> - ('Servicio Iniciado',)
14:13:00 - INF - <module> - ('Servicio Finalizado',)
14:13:01 - INF - <module> - ('Servicio Iniciado',)
14:13:02 - INF - <module> - ('Servicio Finalizado',)
14:13:02 - INF - <module> - ('Servicio Iniciado',)
14:13:03 - INF - <module> - ('Servicio Finalizado',)
14:13:04 - INF - <module> - ('Servicio Iniciado',)
14:13:05 - INF - <module> - ('Servicio Finalizado',)
14:13:05 - INF - <module> - ('Servicio Iniciado',)
14:13:06 - INF - <module> - ('Servicio Finalizado',)
14:13:07 - INF - <module> - ('Servicio Iniciado',)
14:13:10 - INF - <module> - ('Servicio Finalizado',)
14:13:10 - INF - <module> - ('Servicio Iniciado',)
14:13:13 - INF - <module> - ('Servicio Finalizado',)
14:13:13 - INF - <module> - ('Servicio Iniciado',)
14:18:12 - INF - <module> - ('Servicio Finalizado',)
14:18:13 - INF - <module> - ('Servicio Iniciado',)
14:18:38 - INF - <module> - ('Servicio Finalizado',)
14:18:39 - INF - <module> - ('Servicio Iniciado',)
14:24:24 - INF - <module> - ('Servicio Finalizado',)
14:24:24 - INF - <module> - ('Servicio Iniciado',)
14:24:49 - INF - <module> - ('Servicio Finalizado',)
14:24:49 - INF - <module> - ('Servicio Iniciado',)
14:25:02 - INF - <module> - ('Servicio Finalizado',)
14:25:03 - INF - <module> - ('Servicio Iniciado',)
14:25:14 - INF - <module> - ('Servicio Finalizado',)
14:25:15 - INF - <module> - ('Servicio Iniciado',)
14:25:26 - INF - <module> - ('Servicio Finalizado',)
14:25:26 - INF - <module> - ('Servicio Finalizado',)
14:25:29 - INF - <module> - ('Servicio Iniciado',)
14:25:30 - INF - <module> - ('Servicio Iniciado',)
14:25:49 - INF - <module> - ('Servicio Finalizado',)
14:25:49 - INF - <module> - ('Servicio Iniciado',)
14:26:35 - INF - <module> - ('Servicio Finalizado',)
14:26:36 - INF - <module> - ('Servicio Iniciado',)
14:26:39 - INF - <module> - ('Servicio Finalizado',)
14:26:39 - INF - <module> - ('Servicio Iniciado',)
14:28:26 - INF - <module> - ('Servicio Finalizado',)
14:28:26 - INF - <module> - ('Servicio Iniciado',)
14:30:25 - INF - post - ('Ejecutando servicio de Crear',)
14:32:07 - INF - <module> - ('Servicio Finalizado',)
14:32:07 - INF - <module> - ('Servicio Iniciado',)
14:32:10 - INF - post - ('Ejecutando servicio de Crear',)
14:32:28 - INF - <module> - ('Servicio Finalizado',)
14:32:28 - INF - <module> - ('Servicio Iniciado',)
14:32:32 - INF - post - ('Ejecutando servicio de Crear',)
14:35:55 - INF - <module> - ('Servicio Finalizado',)
14:35:56 - INF - <module> - ('Servicio Iniciado',)
17:12:58 - INF - <module> - ('Servicio Finalizado',)
17:12:58 - INF - <module> - ('Servicio Finalizado',)
