00:14:44 - INF - <module> - ('Servicio Iniciado',)
00:14:44 - INF - <module> - ('Servicio Iniciado',)
00:16:54 - INF - <module> - ('Servicio Finalizado',)
00:16:55 - INF - <module> - ('Servicio Iniciado',)
00:23:09 - INF - <module> - ('Servicio Finalizado',)
00:23:10 - INF - <module> - ('Servicio Iniciado',)
00:23:20 - INF - patch - ('Ejecutando servicio de Recuperación de Contraseña',)
00:24:00 - INF - <module> - ('Servicio Finalizado',)
00:24:01 - INF - <module> - ('Servicio Finalizado',)
00:28:32 - INF - <module> - ('Servicio Iniciado',)
00:28:32 - INF - <module> - ('Servicio Iniciado',)
00:39:30 - INF - <module> - ('Servicio Finalizado',)
00:39:31 - INF - <module> - ('Servicio Iniciado',)
00:39:42 - INF - patch - ('Ejecutando servicio de Recuperación de Contraseña',)
09:12:55 - INF - <module> - ('Servicio Iniciado',)
09:12:56 - INF - <module> - ('Servicio Iniciado',)
09:13:33 - INF - patch - ('Ejecutando servicio de Recuperación de Contraseña',)
09:17:20 - INF - patch - ('Ejecutando servicio de Recuperación de Contraseña',)
10:52:09 - INF - <module> - ('Servicio Finalizado',)
10:52:10 - INF - <module> - ('Servicio Iniciado',)
11:03:52 - INF - <module> - ('Servicio Finalizado',)
11:03:53 - INF - <module> - ('Servicio Iniciado',)
11:17:29 - INF - patch - ('Ejecutando servicio de Recuperación de Contraseña',)
11:29:37 - INF - <module> - ('Servicio Finalizado',)
11:29:37 - INF - <module> - ('Servicio Iniciado',)
11:29:42 - INF - <module> - ('Servicio Finalizado',)
11:29:43 - INF - <module> - ('Servicio Iniciado',)
11:29:45 - INF - <module> - ('Servicio Finalizado',)
11:29:45 - INF - <module> - ('Servicio Iniciado',)
11:30:16 - INF - <module> - ('Servicio Finalizado',)
11:30:16 - INF - <module> - ('Servicio Iniciado',)
11:48:24 - INF - <module> - ('Servicio Finalizado',)
11:48:24 - INF - <module> - ('Servicio Iniciado',)
11:53:20 - INF - <module> - ('Servicio Finalizado',)
11:53:20 - INF - <module> - ('Servicio Iniciado',)
12:03:05 - INF - <module> - ('Servicio Finalizado',)
12:03:05 - INF - <module> - ('Servicio Iniciado',)
12:03:53 - INF - <module> - ('Servicio Finalizado',)
12:03:54 - INF - <module> - ('Servicio Finalizado',)
12:04:21 - INF - <module> - ('Servicio Iniciado',)
12:04:21 - INF - <module> - ('Servicio Iniciado',)
12:06:39 - INF - <module> - ('Servicio Finalizado',)
12:06:40 - INF - <module> - ('Servicio Iniciado',)
12:06:44 - INF - <module> - ('Servicio Finalizado',)
12:06:44 - INF - <module> - ('Servicio Iniciado',)
12:07:41 - INF - patch - ('Ejecutando servicio de Recuperación de Contraseña',)
12:10:56 - INF - <module> - ('Servicio Finalizado',)
12:10:56 - INF - <module> - ('Servicio Finalizado',)
12:10:58 - INF - <module> - ('Servicio Iniciado',)
12:10:58 - INF - <module> - ('Servicio Iniciado',)
12:11:26 - INF - patch - ('Iniciando servicio: Actualizar Password Por Email',)
12:11:41 - INF - patch - ('Ejecutando servicio de Recuperación de Contraseña',)
12:12:17 - INF - patch - ('Iniciando servicio: Actualizar Password Por Email',)
12:15:18 - INF - <module> - ('Servicio Finalizado',)
12:15:19 - INF - <module> - ('Servicio Iniciado',)
12:15:26 - INF - patch - ('Ejecutando servicio de Recuperación de Contraseña',)
12:16:07 - INF - patch - ('Iniciando servicio: Actualizar Password Por Email',)
12:19:22 - INF - <module> - ('Servicio Finalizado',)
12:19:23 - INF - <module> - ('Servicio Iniciado',)
12:19:30 - INF - patch - ('Ejecutando servicio de Recuperación de Contraseña',)
12:19:49 - INF - patch - ('Iniciando servicio: Actualizar Password Por Email',)
12:20:58 - INF - <module> - ('Servicio Finalizado',)
12:20:59 - INF - <module> - ('Servicio Iniciado',)
12:22:14 - INF - <module> - ('Servicio Finalizado',)
12:22:14 - INF - <module> - ('Servicio Finalizado',)
12:22:16 - INF - <module> - ('Servicio Iniciado',)
12:22:16 - INF - <module> - ('Servicio Iniciado',)
12:22:26 - INF - patch - ('Ejecutando servicio de Recuperación de Contraseña',)
12:22:38 - INF - patch - ('Iniciando servicio: Actualizar Password Por Email',)
12:28:12 - INF - <module> - ('Servicio Iniciado',)
12:28:12 - INF - <module> - ('Servicio Iniciado',)
12:28:23 - INF - patch - ('Ejecutando servicio de Recuperación de Contraseña',)
12:28:35 - INF - patch - ('Iniciando servicio: Actualizar Password Por Email',)
12:30:42 - INF - <module> - ('Servicio Finalizado',)
12:30:43 - INF - <module> - ('Servicio Iniciado',)
12:30:49 - INF - patch - ('Ejecutando servicio de Recuperación de Contraseña',)
12:31:01 - INF - patch - ('Iniciando servicio: Actualizar Password Por Email',)
12:38:41 - INF - <module> - ('Servicio Finalizado',)
12:38:41 - INF - <module> - ('Servicio Iniciado',)
12:39:51 - INF - patch - ('Ejecutando servicio de Recuperación de Contraseña',)
12:43:21 - INF - <module> - ('Servicio Iniciado',)
12:43:21 - INF - <module> - ('Servicio Iniciado',)
12:44:56 - INF - <module> - ('Servicio Finalizado',)
12:44:57 - INF - <module> - ('Servicio Iniciado',)
12:45:26 - INF - <module> - ('Servicio Finalizado',)
12:45:27 - INF - <module> - ('Servicio Iniciado',)
12:45:41 - INF - <module> - ('Servicio Finalizado',)
12:45:41 - INF - <module> - ('Servicio Iniciado',)
12:45:49 - INF - <module> - ('Servicio Finalizado',)
12:45:49 - INF - <module> - ('Servicio Iniciado',)
12:46:37 - INF - patch - ('Ejecutando servicio de Recuperación de Contraseña',)
12:46:53 - INF - patch - ('Iniciando servicio: Actualizar Password Por Email',)
13:21:17 - INF - <module> - ('Servicio Finalizado',)
13:21:18 - INF - <module> - ('Servicio Finalizado',)
13:22:42 - INF - <module> - ('Servicio Iniciado',)
13:22:43 - INF - <module> - ('Servicio Iniciado',)
13:23:19 - INF - <module> - ('Servicio Finalizado',)
13:23:19 - INF - <module> - ('Servicio Iniciado',)
13:23:25 - INF - <module> - ('Servicio Finalizado',)
13:23:26 - INF - <module> - ('Servicio Iniciado',)
13:23:33 - INF - patch - ('Ejecutando servicio de Recuperación de Contraseña',)
13:23:46 - INF - patch - ('Iniciando servicio: Actualizar Password Por Email',)
13:23:56 - INF - patch - ('Ejecutando servicio de Recuperación de Contraseña',)
13:24:12 - INF - patch - ('Iniciando servicio: Actualizar Password Por Email',)
13:30:20 - INF - <module> - ('Servicio Iniciado',)
13:30:20 - INF - <module> - ('Servicio Iniciado',)
13:30:26 - INF - post - ('Iniciando servicio de Login',)
13:33:13 - INF - post - ('Iniciando servicio de Login',)
13:33:32 - INF - post - ('Iniciando servicio de Login',)
13:33:44 - INF - post - ('Iniciando servicio de Login',)
13:36:38 - INF - <module> - ('Servicio Finalizado',)
