10:01:22 - INF - <module> - ('Servicio Iniciado',)
10:01:24 - INF - <module> - ('Servicio Iniciado',)
10:03:13 - INF - get - ('Ejecutando servicio de Listar',)
10:04:33 - INF - <module> - ('Servicio Finalizado',)
10:04:34 - INF - <module> - ('Servicio Iniciado',)
10:04:54 - INF - get - ('Ejecutando servicio de Listar',)
10:05:56 - INF - post - ('Ejecutando servicio de Crear',)
10:06:30 - INF - <module> - ('Servicio Finalizado',)
10:06:31 - INF - <module> - ('Servicio Iniciado',)
10:06:42 - INF - <module> - ('Servicio Finalizado',)
10:06:42 - INF - <module> - ('Servicio Iniciado',)
10:06:44 - INF - post - ('Ejecutando servicio de Crear',)
10:06:57 - INF - get - ('Ejecutando servicio de Listar',)
10:07:21 - INF - <module> - ('Servicio Finalizado',)
10:07:21 - INF - <module> - ('Servicio Iniciado',)
10:07:23 - INF - post - ('Ejecutando servicio de Crear',)
10:07:27 - INF - get - ('Ejecutando servicio de Listar',)
10:07:45 - INF - post - ('Ejecutando servicio de Crear',)
10:08:06 - INF - post - ('Ejecutando servicio de Crear',)
10:08:15 - INF - get - ('Ejecutando servicio de Listar',)
10:10:15 - INF - put - ('Ejecutando servicio de Crear',)
10:10:34 - INF - <module> - ('Servicio Finalizado',)
10:10:34 - INF - <module> - ('Servicio Iniciado',)
10:10:36 - INF - put - ('Ejecutando servicio de Crear',)
10:10:39 - INF - get - ('Ejecutando servicio de Listar',)
10:10:48 - INF - put - ('Ejecutando servicio de Crear',)
10:10:52 - INF - get - ('Ejecutando servicio de Listar',)
10:11:52 - INF - <module> - ('Servicio Finalizado',)
10:11:53 - INF - <module> - ('Servicio Iniciado',)
10:11:54 - INF - <module> - ('Servicio Finalizado',)
10:11:54 - INF - <module> - ('Servicio Iniciado',)
10:11:55 - INF - <module> - ('Servicio Finalizado',)
10:11:56 - INF - <module> - ('Servicio Iniciado',)
10:12:01 - INF - get - ('Ejecutando servicio de Listar',)
10:12:26 - INF - put - ('Ejecutando servicio de Eliminar Lógicamente',)
10:12:29 - INF - get - ('Ejecutando servicio de Listar',)
10:13:09 - INF - put - ('Ejecutando servicio de Eliminar Lógicamente',)
10:13:14 - INF - get - ('Ejecutando servicio de Listar',)
10:16:01 - INF - <module> - ('Servicio Finalizado',)
10:16:01 - INF - <module> - ('Servicio Iniciado',)
10:18:56 - INF - <module> - ('Servicio Finalizado',)
10:18:57 - INF - <module> - ('Servicio Iniciado',)
10:21:15 - INF - <module> - ('Servicio Finalizado',)
10:21:16 - INF - <module> - ('Servicio Iniciado',)
10:22:11 - INF - <module> - ('Servicio Finalizado',)
10:22:12 - INF - <module> - ('Servicio Iniciado',)
10:22:35 - INF - <module> - ('Servicio Finalizado',)
10:22:36 - INF - <module> - ('Servicio Iniciado',)
10:25:57 - INF - <module> - ('Servicio Finalizado',)
10:25:58 - INF - <module> - ('Servicio Iniciado',)
10:26:56 - INF - get - ('Ejecutando servicio de Listar',)
10:28:12 - INF - <module> - ('Servicio Finalizado',)
10:28:13 - INF - <module> - ('Servicio Iniciado',)
10:28:25 - INF - <module> - ('Servicio Finalizado',)
10:28:25 - INF - <module> - ('Servicio Iniciado',)
10:30:43 - INF - get - ('Ejecutando servicio de Listar',)
10:31:28 - INF - get - ('Ejecutando servicio de Listar',)
10:31:31 - INF - post - ('Ejecutando servicio de Crear',)
10:31:34 - INF - get - ('Ejecutando servicio de Listar',)
10:31:47 - INF - put - ('Ejecutando servicio de Crear',)
10:32:58 - INF - <module> - ('Servicio Finalizado',)
10:32:58 - INF - <module> - ('Servicio Iniciado',)
10:33:01 - INF - put - ('Ejecutando servicio de Crear',)
10:33:05 - INF - get - ('Ejecutando servicio de Listar',)
10:33:17 - INF - get - ('Ejecutando servicio de Listar',)
10:33:18 - INF - get - ('Ejecutando servicio de Listar',)
10:43:33 - INF - <module> - ('Servicio Finalizado',)
10:43:33 - INF - <module> - ('Servicio Iniciado',)
10:43:37 - INF - get - ('Ejecutando servicio de Listar',)
10:44:35 - INF - get - ('Ejecutando servicio de Listar',)
10:44:48 - INF - get - ('Ejecutando servicio de Listar',)
10:48:36 - INF - <module> - ('Servicio Finalizado',)
10:48:36 - INF - <module> - ('Servicio Iniciado',)
10:49:36 - INF - get - ('Ejecutando servicio de Listar',)
11:06:19 - INF - <module> - ('Servicio Finalizado',)
11:06:19 - INF - <module> - ('Servicio Finalizado',)
11:43:49 - INF - <module> - ('Servicio Iniciado',)
11:43:50 - INF - <module> - ('Servicio Iniciado',)
11:43:52 - INF - get - ('Ejecutando servicio de Listar',)
11:45:30 - INF - <module> - ('Servicio Finalizado',)
11:45:30 - INF - <module> - ('Servicio Finalizado',)
11:46:05 - INF - <module> - ('Servicio Iniciado',)
11:46:07 - INF - <module> - ('Servicio Iniciado',)
11:46:36 - INF - <module> - ('Servicio Finalizado',)
11:46:37 - INF - <module> - ('Servicio Iniciado',)
11:46:53 - INF - get - ('Ejecutando servicio de Listar',)
11:49:51 - INF - get - ('Ejecutando servicio de Listar',)
11:50:05 - INF - post - ('Ejecutando servicio de Crear',)
11:50:09 - INF - get - ('Ejecutando servicio de Listar',)
11:53:16 - INF - <module> - ('Servicio Finalizado',)
11:53:17 - INF - <module> - ('Servicio Iniciado',)
11:53:22 - INF - <module> - ('Servicio Finalizado',)
11:53:22 - INF - <module> - ('Servicio Iniciado',)
11:53:42 - INF - post - ('Ejecutando servicio de Crear',)
11:55:32 - INF - <module> - ('Servicio Finalizado',)
11:55:33 - INF - <module> - ('Servicio Iniciado',)
11:55:42 - INF - post - ('Ejecutando servicio de Crear',)
11:55:46 - INF - get - ('Ejecutando servicio de Listar',)
14:11:11 - INF - <module> - ('Servicio Finalizado',)
14:11:12 - INF - <module> - ('Servicio Iniciado',)
14:12:26 - INF - <module> - ('Servicio Finalizado',)
14:12:26 - INF - <module> - ('Servicio Finalizado',)
15:05:15 - INF - <module> - ('Servicio Iniciado',)
15:05:17 - INF - <module> - ('Servicio Iniciado',)
15:05:29 - INF - get - ('Ejecutando servicio de Listar',)
15:08:15 - INF - get - ('Ejecutando servicio de Listar',)
15:08:26 - INF - get - ('Ejecutando servicio de Listar',)
15:13:31 - INF - post - ('Ejecutando servicio de Crear',)
15:14:07 - INF - <module> - ('Servicio Finalizado',)
15:14:08 - INF - <module> - ('Servicio Iniciado',)
15:14:18 - INF - post - ('Ejecutando servicio de Crear',)
15:14:21 - INF - get - ('Ejecutando servicio de Listar',)
15:14:42 - INF - post - ('Ejecutando servicio de Crear',)
15:14:45 - INF - get - ('Ejecutando servicio de Listar',)
15:27:25 - INF - get - ('Ejecutando servicio de Listar',)
15:33:47 - INF - <module> - ('Servicio Finalizado',)
15:33:47 - INF - <module> - ('Servicio Iniciado',)
15:34:12 - INF - <module> - ('Servicio Finalizado',)
15:34:13 - INF - <module> - ('Servicio Iniciado',)
15:34:29 - INF - <module> - ('Servicio Finalizado',)
15:34:30 - INF - <module> - ('Servicio Iniciado',)
15:34:38 - INF - <module> - ('Servicio Finalizado',)
15:34:38 - INF - <module> - ('Servicio Iniciado',)
15:34:48 - INF - post - ('Ejecutando servicio de Crear',)
15:35:09 - INF - <module> - ('Servicio Finalizado',)
15:35:09 - INF - <module> - ('Servicio Iniciado',)
15:35:20 - INF - post - ('Ejecutando servicio de Crear',)
15:35:24 - INF - get - ('Ejecutando servicio de Listar',)
15:37:28 - INF - <module> - ('Servicio Finalizado',)
15:37:28 - INF - <module> - ('Servicio Iniciado',)
15:37:48 - INF - get - ('Ejecutando servicio de Listar',)
15:43:05 - INF - <module> - ('Servicio Finalizado',)
15:43:06 - INF - <module> - ('Servicio Iniciado',)
15:43:14 - INF - get - ('Ejecutando servicio de Listar',)
15:54:18 - INF - post - ('Ejecutando servicio de Crear',)
15:54:21 - INF - get - ('Ejecutando servicio de Listar',)
16:00:05 - INF - <module> - ('Servicio Finalizado',)
16:00:05 - INF - <module> - ('Servicio Finalizado',)
