09:34:04 - INF - <module> - ('Servicio Iniciado',)
09:34:06 - INF - <module> - ('Servicio Iniciado',)
09:34:53 - INF - get - ('Ejecutando servicio de Listar',)
09:34:53 - INF - get - ('Ejecutando servicio de Listar Usuario',)
09:34:53 - INF - get - ('Ejecutando servicio de Listar Usuario',)
09:34:53 - INF - get - ('Ejecutando servicio de Listar',)
09:34:53 - INF - get - ('Ejecutando servicio de Listar',)
09:34:53 - INF - get - ('Ejecutando servicio de Listar Usuario',)
09:34:53 - INF - get - ('Ejecutando servicio de Listar',)
09:34:53 - INF - get - ('Ejecutando servicio de Listar Usuario',)
09:35:10 - INF - get - ('Ejecutando servicio de Listar Usuario',)
09:35:10 - INF - get - ('Ejecutando servicio de Listar',)
09:35:10 - INF - get - ('Ejecutando servicio de Listar',)
09:35:10 - INF - get - ('Ejecutando servicio de Listar Usuario',)
09:35:10 - INF - get - ('Ejecutando servicio de Listar Usuario',)
09:35:10 - INF - get - ('Ejecutando servicio de Listar',)
09:35:10 - INF - get - ('Ejecutando servicio de Listar',)
09:35:10 - INF - get - ('Ejecutando servicio de Listar Usuario',)
09:38:39 - INF - get - ('Ejecutando servicio de Listar Usuario',)
09:38:39 - INF - get - ('Ejecutando servicio de Listar Usuario',)
09:38:39 - INF - get - ('Ejecutando servicio de Listar',)
09:38:39 - INF - get - ('Ejecutando servicio de Listar',)
09:38:39 - INF - get - ('Ejecutando servicio de Listar Usuario',)
09:38:39 - INF - get - ('Ejecutando servicio de Listar',)
09:38:39 - INF - get - ('Ejecutando servicio de Listar',)
09:38:40 - INF - get - ('Ejecutando servicio de Listar Usuario',)
09:38:59 - INF - post - ('Ejecutando servicio de Crear',)
09:40:25 - INF - post - ('Ejecutando servicio de Crear',)
09:48:13 - INF - get - ('Ejecutando servicio de Listar Usuario',)
09:48:43 - INF - get - ('Ejecutando servicio de Listar Usuario',)
09:50:51 - INF - get - ('Ejecutando servicio de Listar Usuario',)
09:50:51 - INF - get - ('Ejecutando servicio de Listar Usuario',)
09:50:51 - INF - get - ('Ejecutando servicio de Listar',)
09:50:51 - INF - get - ('Ejecutando servicio de Listar',)
09:50:51 - INF - get - ('Ejecutando servicio de Listar Usuario',)
09:50:51 - INF - get - ('Ejecutando servicio de Listar Usuario',)
09:50:51 - INF - get - ('Ejecutando servicio de Listar',)
09:50:51 - INF - get - ('Ejecutando servicio de Listar',)
09:51:05 - INF - get - ('Ejecutando servicio de Listar Usuario',)
09:51:05 - INF - get - ('Ejecutando servicio de Listar Usuario',)
09:51:05 - INF - get - ('Ejecutando servicio de Listar',)
09:51:05 - INF - get - ('Ejecutando servicio de Listar',)
09:51:05 - INF - get - ('Ejecutando servicio de Listar Usuario',)
09:51:05 - INF - get - ('Ejecutando servicio de Listar',)
09:51:05 - INF - get - ('Ejecutando servicio de Listar',)
09:51:05 - INF - get - ('Ejecutando servicio de Listar Usuario',)
09:53:59 - INF - get - ('Ejecutando servicio de Listar Usuario',)
09:53:59 - INF - get - ('Ejecutando servicio de Listar Usuario',)
09:53:59 - INF - get - ('Ejecutando servicio de Listar',)
09:53:59 - INF - get - ('Ejecutando servicio de Listar',)
09:53:59 - INF - get - ('Ejecutando servicio de Listar Usuario',)
09:53:59 - INF - get - ('Ejecutando servicio de Listar',)
09:53:59 - INF - get - ('Ejecutando servicio de Listar Usuario',)
09:53:59 - INF - get - ('Ejecutando servicio de Listar',)
09:54:49 - INF - get - ('Ejecutando servicio de Listar Usuario',)
09:54:49 - INF - get - ('Ejecutando servicio de Listar Usuario',)
09:54:49 - INF - get - ('Ejecutando servicio de Listar',)
09:54:49 - INF - get - ('Ejecutando servicio de Listar',)
09:54:49 - INF - get - ('Ejecutando servicio de Listar Usuario',)
09:54:49 - INF - get - ('Ejecutando servicio de Listar',)
09:54:49 - INF - get - ('Ejecutando servicio de Listar',)
09:54:49 - INF - get - ('Ejecutando servicio de Listar Usuario',)
09:55:23 - INF - get - ('Ejecutando servicio de Listar Usuario',)
09:55:23 - INF - get - ('Ejecutando servicio de Listar Usuario',)
09:55:23 - INF - get - ('Ejecutando servicio de Listar',)
09:55:23 - INF - get - ('Ejecutando servicio de Listar',)
09:55:23 - INF - get - ('Ejecutando servicio de Listar Usuario',)
09:55:23 - INF - get - ('Ejecutando servicio de Listar Usuario',)
09:55:23 - INF - get - ('Ejecutando servicio de Listar',)
09:55:23 - INF - get - ('Ejecutando servicio de Listar',)
09:56:42 - INF - post - ('Ejecutando servicio de Crear',)
09:56:52 - INF - post - ('Ejecutando servicio de Crear',)
10:03:39 - INF - get - ('Ejecutando servicio de Listar Usuario',)
10:03:39 - INF - get - ('Ejecutando servicio de Listar Usuario',)
10:03:39 - INF - get - ('Ejecutando servicio de Listar',)
10:03:39 - INF - get - ('Ejecutando servicio de Listar',)
10:03:39 - INF - get - ('Ejecutando servicio de Listar Usuario',)
10:03:39 - INF - get - ('Ejecutando servicio de Listar Usuario',)
10:03:39 - INF - get - ('Ejecutando servicio de Listar',)
10:03:39 - INF - get - ('Ejecutando servicio de Listar',)
10:04:30 - INF - post - ('Ejecutando servicio de Crear',)
10:04:48 - INF - get - ('Ejecutando servicio de Listar Usuario',)
10:04:48 - INF - get - ('Ejecutando servicio de Listar Usuario',)
10:04:48 - INF - get - ('Ejecutando servicio de Listar',)
10:04:48 - INF - get - ('Ejecutando servicio de Listar',)
10:04:48 - INF - get - ('Ejecutando servicio de Listar',)
rio',)
10:04:48 - INF - get - ('Ejecutando servicio de Listar Usuario',)
10:05:08 - INF - post - ('Ejecutando servicio de Crear',)
10:10:21 - INF - get - ('Ejecutando servicio de Listar Usuario',)
10:10:21 - INF - get - ('Ejecutando servicio de Listar Usuario',)
10:10:21 - INF - get - ('Ejecutando servicio de Listar',)
10:10:21 - INF - get - ('Ejecutando servicio de Listar',)
10:10:21 - INF - get - ('Ejecutando servicio de Listar Usuario',)
10:10:21 - INF - get - ('Ejecutando servicio de Listar Usuario',)
10:10:21 - INF - get - ('Ejecutando servicio de Listar',)
10:10:21 - INF - get - ('Ejecutando servicio de Listar',)
10:10:42 - INF - post - ('Ejecutando servicio de Crear',)
10:32:20 - INF - get - ('Ejecutando servicio de Listar Usuario',)
10:32:20 - INF - get - ('Ejecutando servicio de Listar Usuario',)
10:32:20 - INF - get - ('Ejecutando servicio de Listar',)
10:32:20 - INF - get - ('Ejecutando servicio de Listar',)
10:32:21 - INF - get - ('Ejecutando servicio de Listar Usuario',)
10:32:21 - INF - get - ('Ejecutando servicio de Listar',)
10:32:21 - INF - get - ('Ejecutando servicio de Listar',)
10:32:21 - INF - get - ('Ejecutando servicio de Listar Usuario',)
10:32:37 - INF - post - ('Ejecutando servicio de Crear',)
10:36:17 - INF - get - ('Ejecutando servicio de Listar Usuario',)
10:36:17 - INF - get - ('Ejecutando servicio de Listar Usuario',)
10:36:17 - INF - get - ('Ejecutando servicio de Listar',)
10:36:17 - INF - get - ('Ejecutando servicio de Listar',)
10:36:17 - INF - get - ('Ejecutando servicio de Listar Usuario',)
10:36:17 - INF - get - ('Ejecutando servicio de Listar Usuario',)
10:36:17 - INF - get - ('Ejecutando servicio de Listar',)
10:36:17 - INF - get - ('Ejecutando servicio de Listar',)
10:39:07 - INF - get - ('Ejecutando servicio de Listar Usuario',)
10:39:07 - INF - get - ('Ejecutando servicio de Listar Usuario',)
10:39:07 - INF - get - ('Ejecutando servicio de Listar',)
10:39:07 - INF - get - ('Ejecutando servicio de Listar',)
10:39:08 - INF - get - ('Ejecutando servicio de Listar',)
10:39:08 - INF - get - ('Ejecutando servicio de Listar Usuario',)
10:39:08 - INF - get - ('Ejecutando servicio de Listar',)
10:39:08 - INF - get - ('Ejecutando servicio de Listar Usuario',)
10:40:24 - INF - get - ('Ejecutando servicio de Listar',)
10:41:10 - INF - post - ('Ejecutando servicio de Crear',)
10:41:27 - INF - get - ('Ejecutando servicio de Listar',)
10:46:49 - INF - get - ('Ejecutando servicio de Listar Usuario',)
10:46:49 - INF - get - ('Ejecutando servicio de Listar Usuario',)
10:46:49 - INF - get - ('Ejecutando servicio de Listar',)
10:46:49 - INF - get - ('Ejecutando servicio de Listar',)
10:46:49 - INF - get - ('Ejecutando servicio de Listar Usuario',)
10:46:49 - INF - get - ('Ejecutando servicio de Listar Usuario',)
10:46:49 - INF - get - ('Ejecutando servicio de Listar',)
10:46:49 - INF - get - ('Ejecutando servicio de Listar',)
10:47:17 - INF - post - ('Ejecutando servicio de Crear',)
10:48:51 - INF - get - ('Ejecutando servicio de Listar Usuario',)
10:48:51 - INF - get - ('Ejecutando servicio de Listar Usuario',)
10:48:51 - INF - get - ('Ejecutando servicio de Listar',)
10:48:51 - INF - get - ('Ejecutando servicio de Listar',)
10:48:51 - INF - get - ('Ejecutando servicio de Listar Usuario',)
10:48:51 - INF - get - ('Ejecutando servicio de Listar',)
10:48:51 - INF - get - ('Ejecutando servicio de Listar Usuario',)
10:48:51 - INF - get - ('Ejecutando servicio de Listar',)
10:49:10 - INF - post - ('Ejecutando servicio de Crear',)
10:53:19 - INF - get - ('Ejecutando servicio de Listar Usuario',)
10:53:19 - INF - get - ('Ejecutando servicio de Listar Usuario',)
10:53:19 - INF - get - ('Ejecutando servicio de Listar',)
10:53:19 - INF - get - ('Ejecutando servicio de Listar',)
10:53:19 - INF - get - ('Ejecutando servicio de Listar Usuario',)
10:53:19 - INF - get - ('Ejecutando servicio de Listar',)
10:53:19 - INF - get - ('Ejecutando servicio de Listar',)
10:53:40 - INF - post - ('Ejecutando servicio de Crear',)
10:56:37 - INF - get - ('Ejecutando servicio de Listar Usuario',)
10:56:37 - INF - get - ('Ejecutando servicio de Listar Usuario',)
10:56:37 - INF - get - ('Ejecutando servicio de Listar',)
10:56:37 - INF - get - ('Ejecutando servicio de Listar',)
10:56:37 - INF - get - ('Ejecutando servicio de Listar Usuario',)
10:56:37 - INF - get - ('Ejecutando servicio de Listar Usuario',)
10:56:38 - INF - get - ('Ejecutando servicio de Listar',)
10:56:38 - INF - get - ('Ejecutando servicio de Listar',)
10:56:57 - INF - post - ('Ejecutando servicio de Crear',)
11:02:37 - INF - get - ('Ejecutando servicio de Listar Usuario',)
11:02:37 - INF - get - ('Ejecutando servicio de Listar Usuario',)
11:02:37 - INF - get - ('Ejecutando servicio de Listar',)
11:02:37 - INF - get - ('Ejecutando servicio de Listar',)
11:02:37 - INF - get - ('Ejecutando servicio de Listar Usuario',)
11:02:37 - INF - get - ('Ejecutando servicio de Listar Usuario',)
11:02:37 - INF - get - ('Ejecutando servicio de Listar',)
11:02:37 - INF - get - ('Ejecutando servicio de Listar',)
11:02:52 - INF - post - ('Ejecutando servicio de Crear',)
11:03:54 - INF - post - ('Ejecutando servicio de Crear',)
11:04:06 - INF - get - ('Ejecutando servicio de Listar Usuario',)
11:04:06 - INF - get - ('Ejecutando servicio de Listar Usuario',)
11:04:06 - INF - get - ('Ejecutando servicio de Listar',)
11:04:06 - INF - get - ('Ejecutando servicio de Listar',)
11:04:06 - INF - get - ('Ejecutando servicio de Listar Usuario',)
11:04:06 - INF - get - ('Ejecutando servicio de Listar',)
11:04:06 - INF - get - ('Ejecutando servicio de Listar',)
11:04:06 - INF - get - ('Ejecutando servicio de Listar Usuario',)
11:05:23 - INF - post - ('Ejecutando servicio de Crear',)
11:05:30 - INF - get - ('Ejecutando servicio de Listar Usuario',)
11:05:30 - INF - get - ('Ejecutando servicio de Listar Usuario',)
11:05:30 - INF - get - ('Ejecutando servicio de Listar',)
11:05:30 - INF - get - ('Ejecutando servicio de Listar',)
11:05:30 - INF - get - ('Ejecutando servicio de Listar Usuario',)
11:05:30 - INF - get - ('Ejecutando servicio de Listar',)
11:05:30 - INF - get - ('Ejecutando servicio de Listar Usuario',)
11:05:30 - INF - get - ('Ejecutando servicio de Listar',)
11:06:56 - INF - post - ('Ejecutando servicio de Crear',)
11:11:53 - INF - <module> - ('Servicio Finalizado',)
11:11:54 - INF - <module> - ('Servicio Iniciado',)
11:12:48 - INF - post - ('Ejecutando servicio de Crear',)
11:21:24 - INF - get - ('Ejecutando servicio de Listar Usuario',)
11:21:24 - INF - get - ('Ejecutando servicio de Listar Usuario',)
11:21:24 - INF - get - ('Ejecutando servicio de Listar',)
11:21:24 - INF - get - ('Ejecutando servicio de Listar',)
11:21:25 - INF - get - ('Ejecutando servicio de Listar Usuario',)
11:21:25 - INF - get - ('Ejecutando servicio de Listar Usuario',)
11:21:25 - INF - get - ('Ejecutando servicio de Listar',)
11:21:25 - INF - get - ('Ejecutando servicio de Listar',)
11:21:39 - INF - post - ('Ejecutando servicio de Crear',)
11:23:16 - INF - get - ('Ejecutando servicio de Listar Usuario',)
11:23:17 - INF - get - ('Ejecutando servicio de Listar Usuario',)
11:23:17 - INF - get - ('Ejecutando servicio de Listar',)
11:23:17 - INF - get - ('Ejecutando servicio de Listar',)
11:23:17 - INF - get - ('Ejecutando servicio de Listar Usuario',)
11:23:17 - INF - get - ('Ejecutando servicio de Listar',)
11:23:17 - INF - get - ('Ejecutando servicio de Listar Usuario',)
11:23:17 - INF - get - ('Ejecutando servicio de Listar',)
11:25:26 - INF - get - ('Ejecutando servicio de Listar Usuario',)
11:25:26 - INF - get - ('Ejecutando servicio de Listar Usuario',)
11:25:26 - INF - get - ('Ejecutando servicio de Listar',)
11:25:26 - INF - get - ('Ejecutando servicio de Listar',)
11:25:30 - INF - get - ('Ejecutando servicio de Listar Usuario',)
11:25:30 - INF - get - ('Ejecutando servicio de Listar Usuario',)
11:25:30 - INF - get - ('Ejecutando servicio de Listar',)
11:25:30 - INF - get - ('Ejecutando servicio de Listar',)
11:25:31 - INF - get - ('Ejecutando servicio de Listar Usuario',)
11:25:31 - INF - get - ('Ejecutando servicio de Listar Usuario',)
11:25:31 - INF - get - ('Ejecutando servicio de Listar',)
11:25:31 - INF - get - ('Ejecutando servicio de Listar',)
11:26:56 - INF - post - ('Ejecutando servicio de Crear',)
11:26:56 - INF - get - ('Ejecutando servicio de Listar',)
11:33:13 - INF - get - ('Ejecutando servicio de Listar Usuario',)
11:33:13 - INF - get - ('Ejecutando servicio de Listar Usuario',)
11:33:13 - INF - get - ('Ejecutando servicio de Listar',)
11:33:13 - INF - get - ('Ejecutando servicio de Listar',)
11:33:13 - INF - get - ('Ejecutando servicio de Listar Usuario',)
11:33:13 - INF - get - ('Ejecutando servicio de Listar Usuario',)
11:33:13 - INF - get - ('Ejecutando servicio de Listar',)
11:33:13 - INF - get - ('Ejecutando servicio de Listar',)
11:33:40 - INF - get - ('Ejecutando servicio de Listar Usuario',)
11:33:43 - INF - get - ('Ejecutando servicio de Listar Usuario',)
11:34:11 - INF - get - ('Ejecutando servicio de Listar',)
12:32:59 - INF - get - ('Ejecutando servicio de Listar Usuario',)
12:32:59 - INF - get - ('Ejecutando servicio de Listar Usuario',)
12:32:59 - INF - get - ('Ejecutando servicio de Listar',)
12:32:59 - INF - get - ('Ejecutando servicio de Listar',)
12:32:59 - INF - get - ('Ejecutando servicio de Listar Usuario',)
12:32:59 - INF - get - ('Ejecutando servicio de Listar Usuario',)
12:32:59 - INF - get - ('Ejecutando servicio de Listar',)
12:32:59 - INF - get - ('Ejecutando servicio de Listar',)
12:33:49 - INF - get - ('Ejecutando servicio de Listar Usuario',)
12:33:49 - INF - get - ('Ejecutando servicio de Listar Usuario',)
12:33:49 - INF - get - ('Ejecutando servicio de Listar',)
12:33:49 - INF - get - ('Ejecutando servicio de Listar',)
12:33:49 - INF - get - ('Ejecutando servicio de Listar Usuario',)
12:33:49 - INF - get - ('Ejecutando servicio de Listar',)
12:33:49 - INF - get - ('Ejecutando servicio de Listar Usuario',)
12:33:49 - INF - get - ('Ejecutando servicio de Listar',)
12:44:16 - INF - get - ('Ejecutando servicio de Listar Usuario',)
12:44:16 - INF - get - ('Ejecutando servicio de Listar Usuario',)
12:44:16 - INF - get - ('Ejecutando servicio de Listar',)
12:44:16 - INF - get - ('Ejecutando servicio de Listar',)
12:44:16 - INF - get - ('Ejecutando servicio de Listar Usuario',)
12:44:16 - INF - get - ('Ejecutando servicio de Listar Usuario',)
12:44:16 - INF - get - ('Ejecutando servicio de Listar',)
12:44:16 - INF - get - ('Ejecutando servicio de Listar',)
12:51:20 - INF - get - ('Ejecutando servicio de Listar Usuario',)
12:51:20 - INF - get - ('Ejecutando servicio de Listar Usuario',)
12:51:20 - INF - get - ('Ejecutando servicio de Listar',)
12:54:19 - INF - get - ('Ejecutando servicio de Listar Usuario',)
12:54:19 - INF - get - ('Ejecutando servicio de Listar Usuario',)
12:54:19 - INF - get - ('Ejecutando servicio de Listar',)
12:54:19 - INF - get - ('Ejecutando servicio de Listar',)
12:56:05 - INF - post - ('Ejecutando servicio de Crear',)
12:56:07 - INF - get - ('Ejecutando servicio de Listar',)
12:56:43 - INF - get - ('Ejecutando servicio de Listar Usuario',)
12:56:43 - INF - get - ('Ejecutando servicio de Listar Usuario',)
12:56:43 - INF - get - ('Ejecutando servicio de Listar',)
12:56:43 - INF - get - ('Ejecutando servicio de Listar',)
12:56:43 - INF - get - ('Ejecutando servicio de Listar Usuario',)
12:56:43 - INF - get - ('Ejecutando servicio de Listar Usuario',)
12:56:43 - INF - get - ('Ejecutando servicio de Listar',)
12:56:43 - INF - get - ('Ejecutando servicio de Listar',)
13:00:47 - INF - get - ('Ejecutando servicio de Listar Usuario',)
13:00:47 - INF - get - ('Ejecutando servicio de Listar Usuario',)
13:00:47 - INF - get - ('Ejecutando servicio de Listar',)
13:00:47 - INF - get - ('Ejecutando servicio de Listar',)
13:00:47 - INF - get - ('Ejecutando servicio de Listar Usuario',)
13:00:47 - INF - get - ('Ejecutando servicio de Listar Usuario',)
13:00:47 - INF - get - ('Ejecutando servicio de Listar',)
13:00:47 - INF - get - ('Ejecutando servicio de Listar',)
13:02:55 - INF - get - ('Ejecutando servicio de Listar Usuario',)
13:02:55 - INF - get - ('Ejecutando servicio de Listar Usuario',)
13:02:55 - INF - get - ('Ejecutando servicio de Listar',)
13:02:55 - INF - get - ('Ejecutando servicio de Listar',)
13:02:55 - INF - get - ('Ejecutando servicio de Listar Usuario',)
13:02:55 - INF - get - ('Ejecutando servicio de Listar Usuario',)
13:02:55 - INF - get - ('Ejecutando servicio de Listar',)
13:02:55 - INF - get - ('Ejecutando servicio de Listar',)
13:03:31 - INF - put - ('Ejecutando servicio de Actualizar',)
13:04:25 - INF - put - ('Ejecutando servicio de Actualizar',)
13:15:04 - INF - get - ('Ejecutando servicio de Listar Usuario',)
13:15:04 - INF - get - ('Ejecutando servicio de Listar Usuario',)
13:15:04 - INF - get - ('Ejecutando servicio de Listar',)
13:15:04 - INF - get - ('Ejecutando servicio de Listar Usuario',)
13:15:04 - INF - get - ('Ejecutando servicio de Listar',)
13:15:04 - INF - get - ('Ejecutando servicio de Listar',)
13:15:04 - INF - get - ('Ejecutando servicio de Listar Usuario',)
13:15:54 - INF - put - ('Ejecutando servicio de Actualizar',)
13:23:22 - INF - get - ('Ejecutando servicio de Listar Usuario',)
13:23:22 - INF - get - ('Ejecutando servicio de Listar Usuario',)
13:23:22 - INF - get - ('Ejecutando servicio de Listar',)
13:23:22 - INF - get - ('Ejecutando servicio de Listar',)
13:23:22 - INF - get - ('Ejecutando servicio de Listar Usuario',)
13:23:22 - INF - get - ('Ejecutando servicio de Listar Usuario',)
13:23:22 - INF - get - ('Ejecutando servicio de Listar',)
13:23:22 - INF - get - ('Ejecutando servicio de Listar',)
13:23:41 - INF - put - ('Ejecutando servicio de Actualizar',)
13:23:42 - INF - get - ('Ejecutando servicio de Listar',)
13:25:20 - INF - put - ('Ejecutando servicio de Actualizar',)
13:25:24 - INF - get - ('Ejecutando servicio de Listar',)
13:26:40 - INF - put - ('Ejecutando servicio de Actualizar',)
13:26:43 - INF - get - ('Ejecutando servicio de Listar',)
13:30:56 - INF - get - ('Ejecutando servicio de Listar Usuario',)
13:30:56 - INF - get - ('Ejecutando servicio de Listar Usuario',)
13:30:56 - INF - get - ('Ejecutando servicio de Listar',)
13:30:56 - INF - get - ('Ejecutando servicio de Listar',)
13:30:56 - INF - get - ('Ejecutando servicio de Listar Usuario',)
13:30:56 - INF - get - ('Ejecutando servicio de Listar',)
13:30:56 - INF - get - ('Ejecutando servicio de Listar',)
13:31:46 - INF - <module> - ('Servicio Finalizado',)
13:31:46 - INF - <module> - ('Servicio Iniciado',)
13:32:23 - INF - get - ('Ejecutando servicio de Listar',)
13:32:56 - INF - get - ('Ejecutando servicio de Listar Usuario',)
13:32:56 - INF - get - ('Ejecutando servicio de Listar Usuario',)
13:32:56 - INF - get - ('Ejecutando servicio de Listar',)
13:32:56 - INF - get - ('Ejecutando servicio de Listar',)
13:32:56 - INF - get - ('Ejecutando servicio de Listar',)
13:32:56 - INF - get - ('Ejecutando servicio de Listar',)
13:32:56 - INF - get - ('Ejecutando servicio de Listar Usuario',)
13:32:56 - INF - get - ('Ejecutando servicio de Listar Usuario',)
13:34:05 - INF - put - ('Ejecutando servicio de Actualizar',)
13:34:07 - INF - get - ('Ejecutando servicio de Listar',)
13:34:27 - INF - put - ('Ejecutando servicio de Actualizar',)
13:34:29 - INF - get - ('Ejecutando servicio de Listar',)
13:39:54 - INF - get - ('Ejecutando servicio de Listar Usuario',)
13:39:54 - INF - get - ('Ejecutando servicio de Listar Usuario',)
13:39:54 - INF - get - ('Ejecutando servicio de Listar',)
13:39:54 - INF - get - ('Ejecutando servicio de Listar',)
13:39:54 - INF - get - ('Ejecutando servicio de Listar Usuario',)
13:39:54 - INF - get - ('Ejecutando servicio de Listar Usuario',)
13:39:54 - INF - get - ('Ejecutando servicio de Listar',)
13:39:54 - INF - get - ('Ejecutando servicio de Listar',)
13:49:23 - INF - <module> - ('Servicio Finalizado',)
13:49:24 - INF - <module> - ('Servicio Iniciado',)
13:49:25 - INF - <module> - ('Servicio Finalizado',)
13:49:25 - INF - <module> - ('Servicio Iniciado',)
13:49:26 - INF - <module> - ('Servicio Finalizado',)
13:49:27 - INF - <module> - ('Servicio Iniciado',)
13:49:28 - INF - <module> - ('Servicio Finalizado',)
13:49:28 - INF - <module> - ('Servicio Iniciado',)
14:01:04 - INF - get - ('Ejecutando servicio de Listar Usuario',)
14:01:04 - INF - get - ('Ejecutando servicio de Listar Usuario',)
14:01:04 - INF - get - ('Ejecutando servicio de Listar',)
14:01:04 - INF - get - ('Ejecutando servicio de Listar',)
14:01:04 - INF - get - ('Ejecutando servicio de Listar Usuario',)
14:01:04 - INF - get - ('Ejecutando servicio de Listar',)
14:01:04 - INF - get - ('Ejecutando servicio de Listar Usuario',)
14:01:04 - INF - get - ('Ejecutando servicio de Listar',)
14:44:29 - INF - get - ('Ejecutando servicio de Listar Usuario',)
14:44:29 - INF - get - ('Ejecutando servicio de Listar Usuario',)
14:44:30 - INF - get - ('Ejecutando servicio de Listar',)
14:44:30 - INF - get - ('Ejecutando servicio de Listar',)
14:44:30 - INF - get - ('Ejecutando servicio de Listar',)
rio',)
14:44:30 - INF - get - ('Ejecutando servicio de Listar',)
14:44:35 - INF - put - ('Ejecutando servicio de Eliminar Lógicamente',)
14:47:43 - INF - get - ('Ejecutando servicio de Listar Usuario',)
14:47:43 - INF - get - ('Ejecutando servicio de Listar Usuario',)
14:47:43 - INF - get - ('Ejecutando servicio de Listar',)
14:47:43 - INF - get - ('Ejecutando servicio de Listar',)
14:47:43 - INF - get - ('Ejecutando servicio de Listar Usuario',)
14:47:43 - INF - get - ('Ejecutando servicio de Listar Usuario',)
14:47:43 - INF - get - ('Ejecutando servicio de Listar',)
14:47:43 - INF - get - ('Ejecutando servicio de Listar',)
14:47:53 - INF - put - ('Ejecutando servicio de Eliminar Lógicamente',)
14:47:55 - INF - get - ('Ejecutando servicio de Listar',)
14:49:41 - INF - put - ('Ejecutando servicio de Actualizar',)
14:49:42 - INF - get - ('Ejecutando servicio de Listar',)
14:50:53 - INF - put - ('Ejecutando servicio de Actualizar',)
14:50:56 - INF - get - ('Ejecutando servicio de Listar',)
14:51:14 - INF - put - ('Ejecutando servicio de Actualizar',)
14:51:16 - INF - get - ('Ejecutando servicio de Listar',)
14:51:19 - INF - get - ('Ejecutando servicio de Listar Usuario',)
14:51:19 - INF - get - ('Ejecutando servicio de Listar Usuario',)
14:51:19 - INF - get - ('Ejecutando servicio de Listar',)
14:51:19 - INF - get - ('Ejecutando servicio de Listar',)
14:51:20 - INF - get - ('Ejecutando servicio de Listar Usuario',)
14:51:20 - INF - get - ('Ejecutando servicio de Listar Usuario',)
14:51:20 - INF - get - ('Ejecutando servicio de Listar',)
14:51:20 - INF - get - ('Ejecutando servicio de Listar',)
14:51:52 - INF - put - ('Ejecutando servicio de Actualizar',)
14:51:54 - INF - get - ('Ejecutando servicio de Listar',)
14:53:35 - INF - get - ('Ejecutando servicio de Listar Usuario',)
14:53:35 - INF - get - ('Ejecutando servicio de Listar',)
14:53:35 - INF - get - ('Ejecutando servicio de Listar',)
14:53:35 - INF - get - ('Ejecutando servicio de Listar Usuario',)
14:53:35 - INF - get - ('Ejecutando servicio de Listar Usuario',)
14:53:35 - INF - get - ('Ejecutando servicio de Listar',)
14:53:35 - INF - get - ('Ejecutando servicio de Listar Usuario',)
14:53:36 - INF - get - ('Ejecutando servicio de Listar',)
14:54:01 - INF - put - ('Ejecutando servicio de Actualizar',)
14:54:03 - INF - get - ('Ejecutando servicio de Listar',)
14:54:55 - INF - get - ('Ejecutando servicio de Listar Usuario',)
14:54:55 - INF - get - ('Ejecutando servicio de Listar',)
14:54:55 - INF - get - ('Ejecutando servicio de Listar Usuario',)
14:54:55 - INF - get - ('Ejecutando servicio de Listar Usuario',)
14:54:55 - INF - get - ('Ejecutando servicio de Listar',)
14:54:55 - INF - get - ('Ejecutando servicio de Listar',)
14:54:55 - INF - get - ('Ejecutando servicio de Listar Usuario',)
14:55:39 - INF - <module> - ('Servicio Finalizado',)
14:55:40 - INF - <module> - ('Servicio Finalizado',)
14:58:50 - INF - <module> - ('Servicio Iniciado',)
14:58:52 - INF - <module> - ('Servicio Iniciado',)
14:58:54 - INF - get - ('Ejecutando servicio de Listar Usuario',)
14:58:54 - INF - get - ('Ejecutando servicio de Listar Usuario',)
14:58:54 - INF - get - ('Ejecutando servicio de Listar',)
14:58:54 - INF - get - ('Ejecutando servicio de Listar',)
14:58:54 - INF - get - ('Ejecutando servicio de Listar Usuario',)
14:58:54 - INF - get - ('Ejecutando servicio de Listar Usuario',)
14:58:54 - INF - get - ('Ejecutando servicio de Listar',)
14:58:54 - INF - get - ('Ejecutando servicio de Listar',)
15:00:11 - INF - put - ('Ejecutando servicio de Actualizar',)
15:00:12 - INF - get - ('Ejecutando servicio de Listar',)
15:00:28 - INF - put - ('Ejecutando servicio de Actualizar',)
15:00:30 - INF - get - ('Ejecutando servicio de Listar',)
15:05:01 - INF - post - ('Ejecutando servicio de Crear',)
15:05:03 - INF - get - ('Ejecutando servicio de Listar',)
15:05:30 - INF - put - ('Ejecutando servicio de Eliminar Lógicamente',)
15:05:33 - INF - get - ('Ejecutando servicio de Listar',)
15:05:40 - INF - get - ('Ejecutando servicio de Listar Usuario',)
15:05:40 - INF - get - ('Ejecutando servicio de Listar Usuario',)
15:05:40 - INF - get - ('Ejecutando servicio de Listar',)
15:05:40 - INF - get - ('Ejecutando servicio de Listar',)
15:05:40 - INF - get - ('Ejecutando servicio de Listar',)
15:05:40 - INF - get - ('Ejecutando servicio de Listar',)
15:05:40 - INF - get - ('Ejecutando servicio de Listar Usuario',)
15:05:40 - INF - get - ('Ejecutando servicio de Listar Usuario',)
15:06:00 - INF - put - ('Ejecutando servicio de Eliminar Lógicamente',)
15:06:01 - INF - get - ('Ejecutando servicio de Listar',)
15:06:11 - INF - put - ('Ejecutando servicio de Eliminar Lógicamente',)
15:06:13 - INF - get - ('Ejecutando servicio de Listar',)
15:09:54 - INF - get - ('Ejecutando servicio de Listar Usuario',)
15:09:54 - INF - get - ('Ejecutando servicio de Listar Usuario',)
15:09:54 - INF - get - ('Ejecutando servicio de Listar',)
15:09:54 - INF - get - ('Ejecutando servicio de Listar',)
15:09:54 - INF - get - ('Ejecutando servicio de Listar Usuario',)
15:09:54 - INF - get - ('Ejecutando servicio de Listar Usuario',)
15:09:55 - INF - get - ('Ejecutando servicio de Listar',)
15:09:55 - INF - get - ('Ejecutando servicio de Listar',)
15:11:09 - INF - post - ('Ejecutando servicio de Crear',)
15:11:11 - INF - get - ('Ejecutando servicio de Listar',)
15:11:22 - INF - put - ('Ejecutando servicio de Actualizar',)
15:11:24 - INF - get - ('Ejecutando servicio de Listar',)
15:11:41 - INF - put - ('Ejecutando servicio de Eliminar Lógicamente',)
15:11:43 - INF - get - ('Ejecutando servicio de Listar',)
15:20:53 - INF - get - ('Ejecutando servicio de Listar Usuario',)
15:20:53 - INF - get - ('Ejecutando servicio de Listar Usuario',)
15:20:53 - INF - get - ('Ejecutando servicio de Listar',)
15:20:53 - INF - get - ('Ejecutando servicio de Listar',)
15:20:53 - INF - get - ('Ejecutando servicio de Listar Usuario',)
15:20:53 - INF - get - ('Ejecutando servicio de Listar Usuario',)
15:20:53 - INF - get - ('Ejecutando servicio de Listar',)
15:20:53 - INF - get - ('Ejecutando servicio de Listar',)
15:20:58 - INF - get - ('Ejecutando servicio de Listar',)
15:23:01 - INF - get - ('Ejecutando servicio de Listar Usuario',)
15:23:01 - INF - get - ('Ejecutando servicio de Listar Usuario',)
15:23:01 - INF - get - ('Ejecutando servicio de Listar',)
15:23:01 - INF - get - ('Ejecutando servicio de Listar',)
15:23:01 - INF - get - ('Ejecutando servicio de Listar Usuario',)
15:23:01 - INF - get - ('Ejecutando servicio de Listar Usuario',)
15:23:01 - INF - get - ('Ejecutando servicio de Listar',)
15:23:01 - INF - get - ('Ejecutando servicio de Listar',)
15:23:09 - INF - get - ('Ejecutando servicio de Listar',)
15:23:14 - INF - get - ('Ejecutando servicio de Listar',)
15:27:31 - INF - get - ('Ejecutando servicio de Listar',)
15:29:10 - INF - get - ('Ejecutando servicio de Listar Usuario',)
15:29:10 - INF - get - ('Ejecutando servicio de Listar Usuario',)
15:29:10 - INF - get - ('Ejecutando servicio de Listar',)
15:29:10 - INF - get - ('Ejecutando servicio de Listar',)
15:29:10 - INF - get - ('Ejecutando servicio de Listar Usuario',)
15:29:10 - INF - get - ('Ejecutando servicio de Listar',)
15:29:10 - INF - get - ('Ejecutando servicio de Listar Usuario',)
15:29:10 - INF - get - ('Ejecutando servicio de Listar',)
15:29:17 - INF - get - ('Ejecutando servicio de Listar',)
17:10:29 - INF - get - ('Ejecutando servicio de Listar Usuario',)
17:10:29 - INF - get - ('Ejecutando servicio de Listar Usuario',)
17:10:29 - INF - get - ('Ejecutando servicio de Listar',)
17:10:29 - INF - get - ('Ejecutando servicio de Listar',)
17:10:29 - INF - get - ('Ejecutando servicio de Listar Usuario',)
17:10:29 - INF - get - ('Ejecutando servicio de Listar Usuario',)
17:10:29 - INF - get - ('Ejecutando servicio de Listar',)
17:10:29 - INF - get - ('Ejecutando servicio de Listar',)
17:10:35 - INF - get - ('Ejecutando servicio de Listar',)
17:16:09 - INF - get - ('Ejecutando servicio de Listar Usuario',)
17:16:30 - INF - get - ('Ejecutando servicio de Listar',)
17:18:12 - INF - get - ('Ejecutando servicio de Listar Usuario',)
17:18:12 - INF - get - ('Ejecutando servicio de Listar Usuario',)
17:18:12 - INF - get - ('Ejecutando servicio de Listar',)
17:18:12 - INF - get - ('Ejecutando servicio de Listar',)
17:18:12 - INF - get - ('Ejecutando servicio de Listar Usuario',)
17:18:12 - INF - get - ('Ejecutando servicio de Listar Usuario',)
17:18:12 - INF - get - ('Ejecutando servicio de Listar',)
17:18:12 - INF - get - ('Ejecutando servicio de Listar',)
17:18:17 - INF - get - ('Ejecutando servicio de Listar',)
17:18:22 - INF - put - ('Ejecutando servicio de Crear',)
17:18:33 - INF - get - ('Ejecutando servicio de Listar Usuario',)
17:18:33 - INF - get - ('Ejecutando servicio de Listar Usuario',)
17:18:33 - INF - get - ('Ejecutando servicio de Listar',)
17:18:33 - INF - get - ('Ejecutando servicio de Listar',)
17:18:33 - INF - get - ('Ejecutando servicio de Listar Usuario',)
17:18:33 - INF - get - ('Ejecutando servicio de Listar Usuario',)
17:18:33 - INF - get - ('Ejecutando servicio de Listar',)
17:18:33 - INF - get - ('Ejecutando servicio de Listar',)
17:18:37 - INF - get - ('Ejecutando servicio de Listar',)
17:25:16 - INF - post - ('Ejecutando servicio de Crear',)
17:25:18 - INF - get - ('Ejecutando servicio de Listar',)
17:25:30 - INF - put - ('Ejecutando servicio de Actualizar',)
17:25:32 - INF - get - ('Ejecutando servicio de Listar',)
17:25:44 - INF - put - ('Ejecutando servicio de Actualizar',)
17:25:46 - INF - get - ('Ejecutando servicio de Listar',)
17:25:58 - INF - put - ('Ejecutando servicio de Crear',)
17:29:48 - INF - get - ('Ejecutando servicio de Listar Usuario',)
17:29:48 - INF - get - ('Ejecutando servicio de Listar Usuario',)
17:29:48 - INF - get - ('Ejecutando servicio de Listar',)
17:29:48 - INF - get - ('Ejecutando servicio de Listar',)
17:29:48 - INF - get - ('Ejecutando servicio de Listar Usuario',)
17:29:48 - INF - get - ('Ejecutando servicio de Listar',)
17:29:48 - INF - get - ('Ejecutando servicio de Listar Usuario',)
17:29:48 - INF - get - ('Ejecutando servicio de Listar',)
17:29:57 - INF - get - ('Ejecutando servicio de Listar',)
17:30:02 - INF - put - ('Ejecutando servicio de Crear',)
17:47:27 - INF - get - ('Ejecutando servicio de Listar Usuario',)
17:47:27 - INF - get - ('Ejecutando servicio de Listar Usuario',)
17:47:27 - INF - get - ('Ejecutando servicio de Listar',)
17:47:27 - INF - get - ('Ejecutando servicio de Listar',)
17:47:27 - INF - get - ('Ejecutando servicio de Listar Usuario',)
17:47:27 - INF - get - ('Ejecutando servicio de Listar',)
17:47:27 - INF - get - ('Ejecutando servicio de Listar Usuario',)
17:47:27 - INF - get - ('Ejecutando servicio de Listar',)
17:47:32 - INF - get - ('Ejecutando servicio de Listar',)
17:47:37 - INF - put - ('Ejecutando servicio de Crear',)
17:50:11 - INF - get - ('Ejecutando servicio de Listar Usuario',)
17:50:11 - INF - get - ('Ejecutando servicio de Listar Usuario',)
17:50:11 - INF - get - ('Ejecutando servicio de Listar',)
17:50:11 - INF - get - ('Ejecutando servicio de Listar',)
17:50:11 - INF - get - ('Ejecutando servicio de Listar Usuario',)
17:50:11 - INF - get - ('Ejecutando servicio de Listar Usuario',)
17:50:11 - INF - get - ('Ejecutando servicio de Listar',)
17:50:11 - INF - get - ('Ejecutando servicio de Listar',)
17:50:17 - INF - get - ('Ejecutando servicio de Listar',)
17:50:22 - INF - put - ('Ejecutando servicio de Crear',)
17:55:16 - INF - get - ('Ejecutando servicio de Listar Usuario',)
17:55:16 - INF - get - ('Ejecutando servicio de Listar Usuario',)
17:55:16 - INF - get - ('Ejecutando servicio de Listar',)
17:55:16 - INF - get - ('Ejecutando servicio de Listar',)
17:55:17 - INF - get - ('Ejecutando servicio de Listar Usuario',)
17:55:17 - INF - get - ('Ejecutando servicio de Listar',)
17:55:17 - INF - get - ('Ejecutando servicio de Listar',)
17:55:21 - INF - get - ('Ejecutando servicio de Listar',)
17:55:27 - INF - put - ('Ejecutando servicio de Crear',)
18:01:04 - INF - get - ('Ejecutando servicio de Listar Usuario',)
18:01:04 - INF - get - ('Ejecutando servicio de Listar Usuario',)
18:01:04 - INF - get - ('Ejecutando servicio de Listar',)
18:01:04 - INF - get - ('Ejecutando servicio de Listar',)
18:01:04 - INF - get - ('Ejecutando servicio de Listar Usuario',)
18:01:04 - INF - get - ('Ejecutando servicio de Listar Usuario',)
18:01:04 - INF - get - ('Ejecutando servicio de Listar',)
18:01:04 - INF - get - ('Ejecutando servicio de Listar',)
18:01:11 - INF - get - ('Ejecutando servicio de Listar',)
18:01:14 - INF - put - ('Ejecutando servicio de Crear',)
18:10:48 - INF - put - ('Ejecutando servicio de Eliminar Lógicamente',)
18:10:50 - INF - get - ('Ejecutando servicio de Listar',)
18:22:37 - INF - get - ('Ejecutando servicio de Listar',)
18:22:37 - INF - get - ('Ejecutando servicio de Listar',)
18:25:00 - INF - get - ('Ejecutando servicio de Listar',)
18:26:15 - INF - get - ('Ejecutando servicio de Listar',)
18:26:15 - INF - get - ('Ejecutando servicio de Listar',)
18:27:12 - INF - get - ('Ejecutando servicio de Listar',)
18:27:12 - INF - get - ('Ejecutando servicio de Listar',)
18:28:23 - INF - get - ('Ejecutando servicio de Listar',)
18:28:23 - INF - get - ('Ejecutando servicio de Listar',)
18:30:41 - INF - get - ('Ejecutando servicio de Listar',)
18:30:41 - INF - get - ('Ejecutando servicio de Listar',)
18:31:23 - INF - get - ('Ejecutando servicio de Listar',)
18:31:23 - INF - get - ('Ejecutando servicio de Listar',)
18:35:23 - INF - get - ('Ejecutando servicio de Listar',)
18:35:23 - INF - get - ('Ejecutando servicio de Listar',)
18:35:31 - INF - put - ('Ejecutando servicio de Crear',)
18:39:15 - INF - get - ('Ejecutando servicio de Listar',)
18:39:16 - INF - get - ('Ejecutando servicio de Listar',)
18:39:41 - INF - get - ('Ejecutando servicio de Listar',)
18:39:41 - INF - get - ('Ejecutando servicio de Listar',)
18:39:50 - INF - put - ('Ejecutando servicio de Crear',)
18:41:53 - INF - get - ('Ejecutando servicio de Listar',)
18:41:53 - INF - get - ('Ejecutando servicio de Listar',)
18:42:01 - INF - put - ('Ejecutando servicio de Crear',)
18:44:03 - INF - get - ('Ejecutando servicio de Listar',)
18:44:03 - INF - get - ('Ejecutando servicio de Listar',)
18:44:11 - INF - put - ('Ejecutando servicio de Crear',)
18:51:51 - INF - <module> - ('Servicio Finalizado',)
18:51:51 - INF - <module> - ('Servicio Finalizado',)
23:59:15 - INF - <module> - ('Servicio Iniciado',)
23:59:16 - INF - <module> - ('Servicio Iniciado',)
23:59:16 - INF - post - ('Iniciando servicio de Login',)
23:59:45 - INF - get - ('Ejecutando servicio para consultar agenda de la semana.',)
