15:43:14 - INF - <module> - ('Servicio Iniciado',)
17:44:05 - INF - get - ('Obtener datos de una Persona',)
17:55:38 - INF - <module> - ('Servicio Finalizado',)
17:55:41 - INF - <module> - ('Servicio Iniciado',)
17:55:48 - INF - get - ('Obtener datos de una Persona',)
17:56:09 - INF - get - (None,)
17:56:50 - INF - <module> - ('Servicio Finalizado',)
17:56:53 - INF - <module> - ('Servicio Iniciado',)
17:57:02 - INF - get - ('Obtener datos de una Persona',)
17:57:23 - INF - get - (None,)
17:59:01 - INF - get - ('Obtener datos de una Persona',)
17:59:22 - INF - get - (None,)
18:18:35 - INF - <module> - ('Servicio Finalizado',)
18:53:59 - INF - <module> - ('Servicio Iniciado',)
19:46:22 - INF - <module> - ('Servicio Finalizado',)
20:22:09 - INF - <module> - ('Servicio Iniciado',)
20:23:13 - INF - <module> - ('Servicio Finalizado',)
22:00:56 - INF - <module> - ('Servicio Iniciado',)
22:02:20 - INF - get - ('Ejecutando servicio de Listar Usuario',)
22:07:47 - INF - <module> - ('Servicio Finalizado',)
22:07:48 - INF - <module> - ('Servicio Iniciado',)
22:07:50 - INF - <module> - ('Servicio Iniciado',)
22:07:52 - INF - get - ('Ejecutando servicio de Listar Usuario',)
22:09:21 - INF - <module> - ('Servicio Finalizado',)
22:09:21 - INF - <module> - ('Servicio Finalizado',)
22:09:34 - INF - <module> - ('Servicio Iniciado',)
22:09:36 - INF - <module> - ('Servicio Iniciado',)
22:09:38 - INF - get - ('Ejecutando servicio de Listar Usuario',)
22:14:30 - INF - <module> - ('Servicio Finalizado',)
22:14:30 - INF - <module> - ('Servicio Finalizado',)
22:14:57 - INF - <module> - ('Servicio Iniciado',)
22:14:58 - INF - <module> - ('Servicio Iniciado',)
22:15:49 - INF - get - ('Ejecutando servicio de Listar Usuario',)
22:23:40 - INF - <module> - ('Servicio Finalizado',)
22:23:41 - INF - <module> - ('Servicio Iniciado',)
22:23:44 - INF - <module> - ('Servicio Finalizado',)
22:23:44 - INF - <module> - ('Servicio Finalizado',)
22:23:46 - INF - <module> - ('Servicio Iniciado',)
22:23:48 - INF - <module> - ('Servicio Iniciado',)
22:23:51 - INF - get - ('Ejecutando servicio de Listar Usuario',)
22:25:53 - INF - <module> - ('Servicio Finalizado',)
22:25:53 - INF - <module> - ('Servicio Iniciado',)
22:26:00 - INF - get - ('Ejecutando servicio de Listar Usuario',)
22:27:07 - INF - <module> - ('Servicio Finalizado',)
22:27:07 - INF - <module> - ('Servicio Iniciado',)
22:28:37 - INF - <module> - ('Servicio Finalizado',)
22:28:37 - INF - <module> - ('Servicio Iniciado',)
22:30:15 - INF - <module> - ('Servicio Finalizado',)
22:30:15 - INF - <module> - ('Servicio Iniciado',)
22:30:18 - INF - get - ('Ejecutando servicio de Listar Usuario',)
22:31:40 - INF - <module> - ('Servicio Finalizado',)
22:31:40 - INF - <module> - ('Servicio Finalizado',)
22:31:41 - INF - <module> - ('Servicio Iniciado',)
22:31:43 - INF - <module> - ('Servicio Iniciado',)
22:31:45 - INF - get - ('Ejecutando servicio de Listar Usuario',)
22:33:33 - INF - <module> - ('Servicio Finalizado',)
22:33:33 - INF - <module> - ('Servicio Iniciado',)
22:33:35 - INF - get - ('Ejecutando servicio de Listar Usuario',)
22:33:59 - INF - <module> - ('Servicio Finalizado',)
22:34:00 - INF - <module> - ('Servicio Iniciado',)
22:34:02 - INF - get - ('Ejecutando servicio de Listar Usuario',)
22:34:06 - INF - <module> - ('Servicio Finalizado',)
22:34:06 - INF - <module> - ('Servicio Iniciado',)
22:34:45 - INF - <module> - ('Servicio Finalizado',)
22:34:45 - INF - <module> - ('Servicio Finalizado',)
22:34:47 - INF - <module> - ('Servicio Iniciado',)
22:34:49 - INF - <module> - ('Servicio Iniciado',)
22:34:52 - INF - get - ('Ejecutando servicio de Listar Usuario',)
22:36:29 - INF - <module> - ('Servicio Finalizado',)
22:36:29 - INF - <module> - ('Servicio Iniciado',)
22:36:33 - INF - get - ('Ejecutando servicio de Listar Usuario',)
22:37:42 - INF - <module> - ('Servicio Finalizado',)
22:37:42 - INF - <module> - ('Servicio Iniciado',)
22:37:44 - INF - get - ('Ejecutando servicio de Listar Usuario',)
22:40:18 - INF - <module> - ('Servicio Finalizado',)
22:40:19 - INF - <module> - ('Servicio Iniciado',)
22:40:26 - INF - <module> - ('Servicio Finalizado',)
22:40:26 - INF - <module> - ('Servicio Iniciado',)
22:40:33 - INF - <module> - ('Servicio Finalizado',)
22:40:33 - INF - <module> - ('Servicio Iniciado',)
22:40:38 - INF - get - ('Ejecutando servicio de Listar Usuario',)
22:42:00 - INF - <module> - ('Servicio Finalizado',)
22:42:00 - INF - <module> - ('Servicio Iniciado',)
22:42:07 - INF - get - ('Ejecutando servicio de Listar Usuario',)
22:43:22 - INF - <module> - ('Servicio Finalizado',)
22:43:23 - INF - <module> - ('Servicio Iniciado',)
22:43:26 - INF - get - ('Ejecutando servicio de Listar Usuario',)
22:56:42 - INF - <module> - ('Servicio Finalizado',)
22:56:42 - INF - <module> - ('Servicio Iniciado',)
22:57:02 - INF - <module> - ('Servicio Finalizado',)
22:57:02 - INF - <module> - ('Servicio Iniciado',)
22:57:17 - INF - <module> - ('Servicio Finalizado',)
22:57:17 - INF - <module> - ('Servicio Iniciado',)
22:57:21 - INF - get - ('Ejecutando servicio de Listar Usuario',)
22:58:09 - INF - <module> - ('Servicio Finalizado',)
22:58:10 - INF - <module> - ('Servicio Iniciado',)
22:58:33 - INF - <module> - ('Servicio Finalizado',)
22:58:33 - INF - <module> - ('Servicio Iniciado',)
22:59:05 - INF - <module> - ('Servicio Finalizado',)
22:59:05 - INF - <module> - ('Servicio Iniciado',)
22:59:12 - INF - <module> - ('Servicio Finalizado',)
22:59:13 - INF - <module> - ('Servicio Iniciado',)
22:59:50 - INF - get - ('Ejecutando servicio de Listar Usuario',)
23:00:09 - INF - <module> - ('Servicio Finalizado',)
23:00:10 - INF - <module> - ('Servicio Iniciado',)
23:00:11 - INF - get - ('Ejecutando servicio de Listar Usuario',)
23:02:07 - INF - <module> - ('Servicio Finalizado',)
23:02:07 - INF - <module> - ('Servicio Iniciado',)
23:02:20 - INF - <module> - ('Servicio Finalizado',)
23:02:20 - INF - <module> - ('Servicio Finalizado',)
